This is pdfTeX, Version 3.14159265-2.6-1.40.17 (MiKTeX 2.9.6210 64-bit) (preloaded format=pdflatex 2017.3.20)  6 NOV 2019 15:07
entering extended mode
**"./Sheffield Songbook.tex"
("Sheffield Songbook.tex"
LaTeX2e <2017/01/01> patch level 1
Babel <3.9r> and hyphenation patterns for 75 language(s) loaded.
(D:\Programs\MiKTeX\tex\latex\base\article.cls
Document Class: article 2014/09/29 v1.4h Standard LaTeX document class
(D:\Programs\MiKTeX\tex\latex\base\size10.clo
File: size10.clo 2014/09/29 v1.4h Standard LaTeX file (size option)
)
\c@part=\count79
\c@section=\count80
\c@subsection=\count81
\c@subsubsection=\count82
\c@paragraph=\count83
\c@subparagraph=\count84
\c@figure=\count85
\c@table=\count86
\abovecaptionskip=\skip41
\belowcaptionskip=\skip42
\bibindent=\dimen102
)
(C:\Users\Thomas\AppData\Roaming\MiKTeX\2.9\tex\latex\fancyhdr\fancyhdr.sty
Package: fancyhdr 2016/09/06 3.8 Extensive control of page headers and footers
\fancy@headwidth=\skip43
\f@ncyO@elh=\skip44
\f@ncyO@erh=\skip45
\f@ncyO@olh=\skip46
\f@ncyO@orh=\skip47
\f@ncyO@elf=\skip48
\f@ncyO@erf=\skip49
\f@ncyO@olf=\skip50
\f@ncyO@orf=\skip51
)
(C:\Users\Thomas\AppData\Roaming\MiKTeX\2.9\tex\latex\pdfpages\pdfpages.sty
Package: pdfpages 2017/08/14 v0.5k Insert pages of external PDF documents (AM)

(D:\Programs\MiKTeX\tex\latex\base\ifthen.sty
Package: ifthen 2014/09/29 v1.1c Standard LaTeX ifthen package (DPC)
)
(D:\Programs\MiKTeX\tex\latex\tools\calc.sty
Package: calc 2014/10/28 v4.3 Infix arithmetic (KKT,FJ)
\calc@Acount=\count87
\calc@Bcount=\count88
\calc@Adimen=\dimen103
\calc@Bdimen=\dimen104
\calc@Askip=\skip52
\calc@Bskip=\skip53
LaTeX Info: Redefining \setlength on input line 80.
LaTeX Info: Redefining \addtolength on input line 81.
\calc@Ccount=\count89
\calc@Cskip=\skip54
)
(C:\Users\Thomas\AppData\Roaming\MiKTeX\2.9\tex\latex\eso-pic\eso-pic.sty
Package: eso-pic 2015/07/21 v2.0g eso-pic (RN)

(D:\Programs\MiKTeX\tex\generic\oberdiek\atbegshi.sty
Package: atbegshi 2016/06/09 v1.18 At begin shipout hook (HO)

(D:\Programs\MiKTeX\tex\generic\oberdiek\infwarerr.sty
Package: infwarerr 2016/05/16 v1.4 Providing info/warning/error messages (HO)
)
(D:\Programs\MiKTeX\tex\generic\oberdiek\ltxcmds.sty
Package: ltxcmds 2016/05/16 v1.23 LaTeX kernel commands for general use (HO)
)
(D:\Programs\MiKTeX\tex\generic\oberdiek\ifpdf.sty
Package: ifpdf 2016/05/14 v3.1 Provides the ifpdf switch
))
(D:\Programs\MiKTeX\tex\latex\graphics\keyval.sty
Package: keyval 2014/10/28 v1.15 key=value parser (DPC)
\KV@toks@=\toks14
)
(C:\Users\Thomas\AppData\Roaming\MiKTeX\2.9\tex\latex\xcolor\xcolor.sty
Package: xcolor 2016/05/11 v2.12 LaTeX color extensions (UK)

(D:\Programs\MiKTeX\tex\latex\graphics-cfg\color.cfg
File: color.cfg 2016/01/02 v1.6 sample color configuration
)
Package xcolor Info: Driver file: pdftex.def on input line 225.

(D:\Programs\MiKTeX\tex\latex\graphics-def\pdftex.def
File: pdftex.def 2017/01/12 v0.06k Graphics/color for pdfTeX
\Gread@gobject=\count90
)
Package xcolor Info: Model `cmy' substituted by `cmy0' on input line 1348.
Package xcolor Info: Model `hsb' substituted by `rgb' on input line 1352.
Package xcolor Info: Model `RGB' extended on input line 1364.
Package xcolor Info: Model `HTML' substituted by `rgb' on input line 1366.
Package xcolor Info: Model `Hsb' substituted by `hsb' on input line 1367.
Package xcolor Info: Model `tHsb' substituted by `hsb' on input line 1368.
Package xcolor Info: Model `HSB' substituted by `hsb' on input line 1369.
Package xcolor Info: Model `Gray' substituted by `gray' on input line 1370.
Package xcolor Info: Model `wave' substituted by `hsb' on input line 1371.
))
(D:\Programs\MiKTeX\tex\latex\graphics\graphicx.sty
Package: graphicx 2014/10/28 v1.0g Enhanced LaTeX Graphics (DPC,SPQR)

(D:\Programs\MiKTeX\tex\latex\graphics\graphics.sty
Package: graphics 2016/10/09 v1.0u Standard LaTeX Graphics (DPC,SPQR)

(D:\Programs\MiKTeX\tex\latex\graphics\trig.sty
Package: trig 2016/01/03 v1.10 sin cos tan (DPC)
)
(D:\Programs\MiKTeX\tex\latex\graphics-cfg\graphics.cfg
File: graphics.cfg 2016/06/04 v1.11 sample graphics configuration
)
Package graphics Info: Driver file: pdftex.def on input line 99.
)
\Gin@req@height=\dimen105
\Gin@req@width=\dimen106
)
\AM@pagewidth=\dimen107
\AM@pageheight=\dimen108

(C:\Users\Thomas\AppData\Roaming\MiKTeX\2.9\tex\latex\pdfpages\pppdftex.def
File: pppdftex.def 2017/08/14 v0.5k Pdfpages driver for pdfTeX (AM)
)
\AM@pagebox=\box26
\AM@global@opts=\toks15
\AM@toc@title=\toks16
\c@AM@survey=\count91
\AM@templatesizebox=\box27
)
(D:\Programs\MiKTeX\tex\latex\geometry\geometry.sty
Package: geometry 2010/09/12 v5.6 Page Geometry

(D:\Programs\MiKTeX\tex\generic\oberdiek\ifvtex.sty
Package: ifvtex 2016/05/16 v1.6 Detect VTeX and its facilities (HO)
Package ifvtex Info: VTeX not detected.
)
(D:\Programs\MiKTeX\tex\generic\ifxetex\ifxetex.sty
Package: ifxetex 2010/09/12 v0.6 Provides ifxetex conditional
)
\Gm@cnth=\count92
\Gm@cntv=\count93
\c@Gm@tempcnt=\count94
\Gm@bindingoffset=\dimen109
\Gm@wd@mp=\dimen110
\Gm@odd@mp=\dimen111
\Gm@even@mp=\dimen112
\Gm@layoutwidth=\dimen113
\Gm@layoutheight=\dimen114
\Gm@layouthoffset=\dimen115
\Gm@layoutvoffset=\dimen116
\Gm@dimlist=\toks17

(D:\Programs\MiKTeX\tex\latex\geometry\geometry.cfg))
(D:\Programs\MiKTeX\tex\latex\tools\multicol.sty
Package: multicol 2016/04/07 v1.8p multicolumn formatting (FMi)
\c@tracingmulticols=\count95
\mult@box=\box28
\multicol@leftmargin=\dimen117
\c@unbalance=\count96
\c@collectmore=\count97
\doublecol@number=\count98
\multicoltolerance=\count99
\multicolpretolerance=\count100
\full@width=\dimen118
\page@free=\dimen119
\premulticols=\dimen120
\postmulticols=\dimen121
\multicolsep=\skip55
\multicolbaselineskip=\skip56
\partial@page=\box29
\last@line=\box30
\maxbalancingoverflow=\dimen122
\mult@rightbox=\box31
\mult@grightbox=\box32
\mult@gfirstbox=\box33
\mult@firstbox=\box34
\@tempa=\box35
\@tempa=\box36
\@tempa=\box37
\@tempa=\box38
\@tempa=\box39
\@tempa=\box40
\@tempa=\box41
\@tempa=\box42
\@tempa=\box43
\@tempa=\box44
\@tempa=\box45
\@tempa=\box46
\@tempa=\box47
\@tempa=\box48
\@tempa=\box49
\@tempa=\box50
\@tempa=\box51
\c@columnbadness=\count101
\c@finalcolumnbadness=\count102
\last@try=\dimen123
\multicolovershoot=\dimen124
\multicolundershoot=\dimen125
\mult@nat@firstbox=\box52
\colbreak@box=\box53
\mc@col@check@num=\count103
)
(C:\Users\Thomas\AppData\Roaming\MiKTeX\2.9\tex\latex\verse\verse.sty
Package: verse 2009/09/04 v2.4a verse typesetting
\c@vslineno=\count104
\c@poemline=\count105
\c@fvsline=\count106
\c@modulo@vs=\count107
\c@verse@envctr=\count108
\versewidth=\skip57
\vgap=\skip58
\vindent=\skip59
\stanzaskip=\skip60
\vleftskip=\skip61
\vrightskip=\skip62
\c@chrsinstr=\count109
\beforepoemtitleskip=\skip63
\afterpoemtitleskip=\skip64
)
(C:\Users\Thomas\AppData\Roaming\MiKTeX\2.9\tex\latex\setspace\setspace.sty
Package: setspace 2011/12/19 v6.7a set line spacing
)
(C:\Users\Thomas\AppData\Roaming\MiKTeX\2.9\tex\latex\tocloft\tocloft.sty
Package: tocloft 2017/08/31 v2.3i parameterised ToC, etc., typesetting
Package tocloft Info: The document has section divisions on input line 51.
\cftparskip=\skip65
\cftbeforetoctitleskip=\skip66
\cftaftertoctitleskip=\skip67
\cftbeforepartskip=\skip68
\cftpartnumwidth=\skip69
\cftpartindent=\skip70
\cftbeforesecskip=\skip71
\cftsecindent=\skip72
\cftsecnumwidth=\skip73
\cftbeforesubsecskip=\skip74
\cftsubsecindent=\skip75
\cftsubsecnumwidth=\skip76
\cftbeforesubsubsecskip=\skip77
\cftsubsubsecindent=\skip78
\cftsubsubsecnumwidth=\skip79
\cftbeforeparaskip=\skip80
\cftparaindent=\skip81
\cftparanumwidth=\skip82
\cftbeforesubparaskip=\skip83
\cftsubparaindent=\skip84
\cftsubparanumwidth=\skip85
\cftbeforeloftitleskip=\skip86
\cftafterloftitleskip=\skip87
\cftbeforefigskip=\skip88
\cftfigindent=\skip89
\cftfignumwidth=\skip90
\c@lofdepth=\count110
\c@lotdepth=\count111
\cftbeforelottitleskip=\skip91
\cftafterlottitleskip=\skip92
\cftbeforetabskip=\skip93
\cfttabindent=\skip94
\cfttabnumwidth=\skip95
)
(D:\Programs\MiKTeX\tex\latex\hyperref\hyperref.sty
Package: hyperref 2016/06/24 v6.83q Hypertext links for LaTeX

(D:\Programs\MiKTeX\tex\generic\oberdiek\hobsub-hyperref.sty
Package: hobsub-hyperref 2016/05/16 v1.14 Bundle oberdiek, subset hyperref (HO)


(D:\Programs\MiKTeX\tex\generic\oberdiek\hobsub-generic.sty
Package: hobsub-generic 2016/05/16 v1.14 Bundle oberdiek, subset generic (HO)
Package: hobsub 2016/05/16 v1.14 Construct package bundles (HO)
Package hobsub Info: Skipping package `infwarerr' (already loaded).
Package hobsub Info: Skipping package `ltxcmds' (already loaded).
Package: ifluatex 2016/05/16 v1.4 Provides the ifluatex switch (HO)
Package ifluatex Info: LuaTeX not detected.
Package hobsub Info: Skipping package `ifvtex' (already loaded).
Package: intcalc 2016/05/16 v1.2 Expandable calculations with integers (HO)
Package hobsub Info: Skipping package `ifpdf' (already loaded).
Package: etexcmds 2016/05/16 v1.6 Avoid name clashes with e-TeX commands (HO)
Package etexcmds Info: Could not find \expanded.
(etexcmds)             That can mean that you are not using pdfTeX 1.50 or
(etexcmds)             that some package has redefined \expanded.
(etexcmds)             In the latter case, load this package earlier.
Package: kvsetkeys 2016/05/16 v1.17 Key value parser (HO)
Package: kvdefinekeys 2016/05/16 v1.4 Define keys (HO)
Package: pdftexcmds 2016/05/21 v0.22 Utility functions of pdfTeX for LuaTeX (HO
)
Package pdftexcmds Info: LuaTeX not detected.
Package pdftexcmds Info: \pdf@primitive is available.
Package pdftexcmds Info: \pdf@ifprimitive is available.
Package pdftexcmds Info: \pdfdraftmode found.
Package: pdfescape 2016/05/16 v1.14 Implements pdfTeX's escape features (HO)
Package: bigintcalc 2016/05/16 v1.4 Expandable calculations on big integers (HO
)
Package: bitset 2016/05/16 v1.2 Handle bit-vector datatype (HO)
Package: uniquecounter 2016/05/16 v1.3 Provide unlimited unique counter (HO)
)
Package hobsub Info: Skipping package `hobsub' (already loaded).
Package: letltxmacro 2016/05/16 v1.5 Let assignment for LaTeX macros (HO)
Package: hopatch 2016/05/16 v1.3 Wrapper for package hooks (HO)
Package: xcolor-patch 2016/05/16 xcolor patch
Package: atveryend 2016/05/16 v1.9 Hooks at the very end of document (HO)
Package atveryend Info: \enddocument detected (standard20110627).
Package hobsub Info: Skipping package `atbegshi' (already loaded).
Package: refcount 2016/05/16 v3.5 Data extraction from label references (HO)
Package: hycolor 2016/05/16 v1.8 Color options for hyperref/bookmark (HO)
)
(D:\Programs\MiKTeX\tex\latex\oberdiek\auxhook.sty
Package: auxhook 2016/05/16 v1.4 Hooks for auxiliary files (HO)
)
(D:\Programs\MiKTeX\tex\latex\oberdiek\kvoptions.sty
Package: kvoptions 2016/05/16 v3.12 Key value format for package options (HO)
)
\@linkdim=\dimen126
\Hy@linkcounter=\count112
\Hy@pagecounter=\count113

(D:\Programs\MiKTeX\tex\latex\hyperref\pd1enc.def
File: pd1enc.def 2016/06/24 v6.83q Hyperref: PDFDocEncoding definition (HO)
)
\Hy@SavedSpaceFactor=\count114

(D:\Programs\MiKTeX\tex\latex\00miktex\hyperref.cfg
File: hyperref.cfg 2002/06/06 v1.2 hyperref configuration of TeXLive
)
Package hyperref Info: Hyper figures OFF on input line 4486.
Package hyperref Info: Link nesting OFF on input line 4491.
Package hyperref Info: Hyper index ON on input line 4494.
Package hyperref Info: Plain pages OFF on input line 4501.
Package hyperref Info: Backreferencing OFF on input line 4506.
Package hyperref Info: Implicit mode ON; LaTeX internals redefined.
Package hyperref Info: Bookmarks ON on input line 4735.
\c@Hy@tempcnt=\count115

(C:\Users\Thomas\AppData\Roaming\MiKTeX\2.9\tex\latex\url\url.sty
\Urlmuskip=\muskip10
Package: url 2013/09/16  ver 3.4  Verb mode for urls, etc.
)
LaTeX Info: Redefining \url on input line 5088.
\XeTeXLinkMargin=\dimen127
\Fld@menulength=\count116
\Field@Width=\dimen128
\Fld@charsize=\dimen129
Package hyperref Info: Hyper figures OFF on input line 6342.
Package hyperref Info: Link nesting OFF on input line 6347.
Package hyperref Info: Hyper index ON on input line 6350.
Package hyperref Info: backreferencing OFF on input line 6357.
Package hyperref Info: Link coloring OFF on input line 6362.
Package hyperref Info: Link coloring with OCG OFF on input line 6367.
Package hyperref Info: PDF/A mode OFF on input line 6372.
LaTeX Info: Redefining \ref on input line 6412.
LaTeX Info: Redefining \pageref on input line 6416.
\Hy@abspage=\count117
\c@Item=\count118
\c@Hfootnote=\count119
)

Package hyperref Message: Driver (autodetected): hpdftex.

(D:\Programs\MiKTeX\tex\latex\hyperref\hpdftex.def
File: hpdftex.def 2016/06/24 v6.83q Hyperref driver for pdfTeX
\Fld@listcount=\count120
\c@bookmark@seq@number=\count121

(D:\Programs\MiKTeX\tex\latex\oberdiek\rerunfilecheck.sty
Package: rerunfilecheck 2016/05/16 v1.8 Rerun checks for auxiliary files (HO)
Package uniquecounter Info: New unique counter `rerunfilecheck' on input line 2
82.
)
\Hy@SectionHShift=\skip96
)
("Sheffield Songbook.aux")
\openout1 = `"Sheffield Songbook.aux"'.

LaTeX Font Info:    Checking defaults for OML/cmm/m/it on input line 27.
LaTeX Font Info:    ... okay on input line 27.
LaTeX Font Info:    Checking defaults for T1/cmr/m/n on input line 27.
LaTeX Font Info:    ... okay on input line 27.
LaTeX Font Info:    Checking defaults for OT1/cmr/m/n on input line 27.
LaTeX Font Info:    ... okay on input line 27.
LaTeX Font Info:    Checking defaults for OMS/cmsy/m/n on input line 27.
LaTeX Font Info:    ... okay on input line 27.
LaTeX Font Info:    Checking defaults for OMX/cmex/m/n on input line 27.
LaTeX Font Info:    ... okay on input line 27.
LaTeX Font Info:    Checking defaults for U/cmr/m/n on input line 27.
LaTeX Font Info:    ... okay on input line 27.
LaTeX Font Info:    Checking defaults for PD1/pdf/m/n on input line 27.
LaTeX Font Info:    ... okay on input line 27.
\AtBeginShipoutBox=\box54

(C:\Users\Thomas\AppData\Roaming\MiKTeX\2.9\tex\context\base\supp-pdf.mkii
[Loading MPS to PDF converter (version 2006.09.02).]
\scratchcounter=\count122
\scratchdimen=\dimen130
\scratchbox=\box55
\nofMPsegments=\count123
\nofMParguments=\count124
\everyMPshowfont=\toks18
\MPscratchCnt=\count125
\MPscratchDim=\dimen131
\MPnumerator=\count126
\makeMPintoPDFobject=\count127
\everyMPtoPDFconversion=\toks19
) (D:\Programs\MiKTeX\tex\latex\oberdiek\epstopdf-base.sty
Package: epstopdf-base 2016/05/15 v2.6 Base part for package epstopdf

(D:\Programs\MiKTeX\tex\latex\oberdiek\grfext.sty
Package: grfext 2016/05/16 v1.2 Manage graphics extensions (HO)
)
Package epstopdf-base Info: Redefining graphics rule for `.eps' on input line 4
38.
Package grfext Info: Graphics extension search list:
(grfext)             [.png,.pdf,.jpg,.mps,.jpeg,.jbig2,.jb2,.PNG,.PDF,.JPG,.JPE
G,.JBIG2,.JB2,.eps]
(grfext)             \AppendGraphicsExtensions on input line 456.
)
(D:\Programs\MiKTeX\tex\latex\oberdiek\pdflscape.sty
Package: pdflscape 2016/05/14 v0.11 Display of landscape pages in PDF (HO)

(D:\Programs\MiKTeX\tex\latex\graphics\lscape.sty
Package: lscape 2000/10/22 v3.01 Landscape Pages (DPC)
)
Package pdflscape Info: Auto-detected driver: pdftex on input line 81.
)
*geometry* driver: auto-detecting
*geometry* detected driver: pdftex
*geometry* verbose mode - [ preamble ] result:
* driver: pdftex
* paper: a4paper
* layout: <same size as paper>
* layoutoffset:(h,v)=(0.0pt,0.0pt)
* modes: twoside 
* h-part:(L,W,R)=(85.35826pt, 455.24411pt, 56.9055pt)
* v-part:(T,H,B)=(56.9055pt, 702.78308pt, 85.35826pt)
* \paperwidth=597.50787pt
* \paperheight=845.04684pt
* \textwidth=455.24411pt
* \textheight=702.78308pt
* \oddsidemargin=13.08827pt
* \evensidemargin=-15.36449pt
* \topmargin=-52.36449pt
* \headheight=12.0pt
* \headsep=25.0pt
* \topskip=10.0pt
* \footskip=56.9055pt
* \marginparwidth=111.0pt
* \marginparsep=11.0pt
* \columnsep=10.0pt
* \skip\footins=9.0pt plus 4.0pt minus 2.0pt
* \hoffset=0.0pt
* \voffset=0.0pt
* \mag=1000
* \@twocolumnfalse
* \@twosidetrue
* \@mparswitchtrue
* \@reversemarginfalse
* (1in=72.27pt=25.4mm, 1cm=28.453pt)

Package hyperref Info: Link coloring OFF on input line 27.
(D:\Programs\MiKTeX\tex\latex\hyperref\nameref.sty
Package: nameref 2016/05/21 v2.44 Cross-referencing by name of section

(D:\Programs\MiKTeX\tex\generic\oberdiek\gettitlestring.sty
Package: gettitlestring 2016/05/16 v1.5 Cleanup title references (HO)
)
\c@section@level=\count128
)
LaTeX Info: Redefining \ref on input line 27.
LaTeX Info: Redefining \pageref on input line 27.
LaTeX Info: Redefining \nameref on input line 27.

("Sheffield Songbook.out") ("Sheffield Songbook.out")
\@outlinefile=\write3
\openout3 = `"Sheffield Songbook.out"'.


<./BookCover/cover-print.pdf, id=127, 597.51233pt x 845.0471pt>
File: ./BookCover/cover-print.pdf Graphic file (type pdf)

<use ./BookCover/cover-print.pdf>
Package pdftex.def Info: ./BookCover/cover-print.pdf used on input line 28.
(pdftex.def)             Requested size: 597.51086pt x 845.04504pt.
File: ./BookCover/cover-print.pdf Graphic file (type pdf)
 <use ./BookCover/cover-print.pdf>
Package pdftex.def Info: ./BookCover/cover-print.pdf used on input line 28.
(pdftex.def)             Requested size: 597.51086pt x 845.04504pt.

<./BookCover/cover-print.pdf, id=130, page=1, 597.51233pt x 845.0471pt>
File: ./BookCover/cover-print.pdf Graphic file (type pdf)

<use ./BookCover/cover-print.pdf, page 1>
Package pdftex.def Info: ./BookCover/cover-print.pdf, page1 used on input line 
28.
(pdftex.def)             Requested size: 597.51086pt x 845.04504pt.
File: ./BookCover/cover-print.pdf Graphic file (type pdf)

<use ./BookCover/cover-print.pdf, page 1>
Package pdftex.def Info: ./BookCover/cover-print.pdf, page1 used on input line 
28.
(pdftex.def)             Requested size: 567.63348pt x 802.7902pt.
File: ./BookCover/cover-print.pdf Graphic file (type pdf)

<use ./BookCover/cover-print.pdf, page 1>
Package pdftex.def Info: ./BookCover/cover-print.pdf, page1 used on input line 
28.
(pdftex.def)             Requested size: 567.63348pt x 802.7902pt.
File: ./BookCover/cover-print.pdf Graphic file (type pdf)

<use ./BookCover/cover-print.pdf, page 1>
Package pdftex.def Info: ./BookCover/cover-print.pdf, page1 used on input line 
28.
(pdftex.def)             Requested size: 567.63348pt x 802.7902pt.
File: ./BookCover/cover-print.pdf Graphic file (type pdf)

<use ./BookCover/cover-print.pdf, page 1>
Package pdftex.def Info: ./BookCover/cover-print.pdf, page1 used on input line 
28.
(pdftex.def)             Requested size: 567.63348pt x 802.7902pt.
 [1

 <./BookCover/cover-print.pdf>]
LaTeX Font Info:    External font `cmex10' loaded for size
(Font)              <7> on input line 35.
LaTeX Font Info:    External font `cmex10' loaded for size
(Font)              <5> on input line 35.

[2{C:/Users/Thomas/AppData/Local/MiKTeX/2.9/pdftex/config/pdftex.map}]
LaTeX Font Info:    External font `cmex10' loaded for size
(Font)              <12> on input line 49.
LaTeX Font Info:    External font `cmex10' loaded for size
(Font)              <8> on input line 49.
LaTeX Font Info:    External font `cmex10' loaded for size
(Font)              <6> on input line 49.


LaTeX Warning: No \author given.

("Sheffield Songbook.toc")
\tf@toc=\write4
\openout4 = `"Sheffield Songbook.toc"'.


<./SongFiles/awake_and_arise.pdf, id=186, 597.51233pt x 845.0471pt>
File: ./SongFiles/awake_and_arise.pdf Graphic file (type pdf)

<use ./SongFiles/awake_and_arise.pdf>
Package pdftex.def Info: ./SongFiles/awake_and_arise.pdf used on input line 54.

(pdftex.def)             Requested size: 597.51086pt x 845.04504pt.
File: ./SongFiles/awake_and_arise.pdf Graphic file (type pdf)
 <use ./SongFiles/awake_and_arise.pdf>
Package pdftex.def Info: ./SongFiles/awake_and_arise.pdf used on input line 54.

(pdftex.def)             Requested size: 597.51086pt x 845.04504pt.

<./SongFiles/awake_and_arise.pdf, id=189, page=1, 597.51233pt x 845.0471pt>
File: ./SongFiles/awake_and_arise.pdf Graphic file (type pdf)

<use ./SongFiles/awake_and_arise.pdf, page 1>
Package pdftex.def Info: ./SongFiles/awake_and_arise.pdf, page1 used on input l
ine 54.
(pdftex.def)             Requested size: 597.51086pt x 845.04504pt.
File: ./SongFiles/awake_and_arise.pdf Graphic file (type pdf)

<use ./SongFiles/awake_and_arise.pdf, page 1>
Package pdftex.def Info: ./SongFiles/awake_and_arise.pdf, page1 used on input l
ine 54.
(pdftex.def)             Requested size: 567.63348pt x 802.7902pt.
 [3]
File: ./SongFiles/awake_and_arise.pdf Graphic file (type pdf)

<use ./SongFiles/awake_and_arise.pdf, page 1>
Package pdftex.def Info: ./SongFiles/awake_and_arise.pdf, page1 used on input l
ine 54.
(pdftex.def)             Requested size: 567.63348pt x 802.7902pt.
File: ./SongFiles/awake_and_arise.pdf Graphic file (type pdf)

<use ./SongFiles/awake_and_arise.pdf, page 1>
Package pdftex.def Info: ./SongFiles/awake_and_arise.pdf, page1 used on input l
ine 54.
(pdftex.def)             Requested size: 567.63348pt x 802.7902pt.
File: ./SongFiles/awake_and_arise.pdf Graphic file (type pdf)

<use ./SongFiles/awake_and_arise.pdf, page 1>
Package pdftex.def Info: ./SongFiles/awake_and_arise.pdf, page1 used on input l
ine 54.
(pdftex.def)             Requested size: 567.63348pt x 802.7902pt.
 [4 <./SongFiles/awake_and_arise.pdf>]
<./SongFiles/awake_and_arise.pdf, id=219, page=2, 597.51233pt x 845.0471pt>
File: ./SongFiles/awake_and_arise.pdf Graphic file (type pdf)

<use ./SongFiles/awake_and_arise.pdf, page 2>
Package pdftex.def Info: ./SongFiles/awake_and_arise.pdf, page2 used on input l
ine 54.
(pdftex.def)             Requested size: 567.63348pt x 802.7902pt.
File: ./SongFiles/awake_and_arise.pdf Graphic file (type pdf)

<use ./SongFiles/awake_and_arise.pdf, page 2>
Package pdftex.def Info: ./SongFiles/awake_and_arise.pdf, page2 used on input l
ine 54.
(pdftex.def)             Requested size: 567.63348pt x 802.7902pt.
File: ./SongFiles/awake_and_arise.pdf Graphic file (type pdf)

<use ./SongFiles/awake_and_arise.pdf, page 2>
Package pdftex.def Info: ./SongFiles/awake_and_arise.pdf, page2 used on input l
ine 54.
(pdftex.def)             Requested size: 567.63348pt x 802.7902pt.
 [5 <./SongFiles/awake_and_arise.pdf>]
<./SongFiles/awake_arise_good_christians.pdf, id=224, 597.51233pt x 845.0471pt>
File: ./SongFiles/awake_arise_good_christians.pdf Graphic file (type pdf)
<use ./SongFiles/awake_arise_good_christians.pdf>
Package pdftex.def Info: ./SongFiles/awake_arise_good_christians.pdf used on in
put line 56.
(pdftex.def)             Requested size: 597.51086pt x 845.04504pt.
File: ./SongFiles/awake_arise_good_christians.pdf Graphic file (type pdf)

<use ./SongFiles/awake_arise_good_christians.pdf>
Package pdftex.def Info: ./SongFiles/awake_arise_good_christians.pdf used on in
put line 56.
(pdftex.def)             Requested size: 597.51086pt x 845.04504pt.

<./SongFiles/awake_arise_good_christians.pdf, id=227, page=1, 597.51233pt x 845
.0471pt>
File: ./SongFiles/awake_arise_good_christians.pdf Graphic file (type pdf)
 <use ./SongFiles/awake_arise_good_christians.pdf, page 1>
Package pdftex.def Info: ./SongFiles/awake_arise_good_christians.pdf, page1 use
d on input line 56.
(pdftex.def)             Requested size: 597.51086pt x 845.04504pt.
File: ./SongFiles/awake_arise_good_christians.pdf Graphic file (type pdf)

<use ./SongFiles/awake_arise_good_christians.pdf, page 1>
Package pdftex.def Info: ./SongFiles/awake_arise_good_christians.pdf, page1 use
d on input line 56.
(pdftex.def)             Requested size: 567.63348pt x 802.7902pt.
File: ./SongFiles/awake_arise_good_christians.pdf Graphic file (type pdf)

<use ./SongFiles/awake_arise_good_christians.pdf, page 1>
Package pdftex.def Info: ./SongFiles/awake_arise_good_christians.pdf, page1 use
d on input line 56.
(pdftex.def)             Requested size: 567.63348pt x 802.7902pt.
File: ./SongFiles/awake_arise_good_christians.pdf Graphic file (type pdf)

<use ./SongFiles/awake_arise_good_christians.pdf, page 1>
Package pdftex.def Info: ./SongFiles/awake_arise_good_christians.pdf, page1 use
d on input line 56.
(pdftex.def)             Requested size: 567.63348pt x 802.7902pt.
File: ./SongFiles/awake_arise_good_christians.pdf Graphic file (type pdf)

<use ./SongFiles/awake_arise_good_christians.pdf, page 1>
Package pdftex.def Info: ./SongFiles/awake_arise_good_christians.pdf, page1 use
d on input line 56.
(pdftex.def)             Requested size: 567.63348pt x 802.7902pt.
 [6 <./SongFiles/awake_arise_good_christians.pdf>]
<./SongFiles/awake_arise_good_christians.pdf, id=242, page=2, 597.51233pt x 845
.0471pt>
File: ./SongFiles/awake_arise_good_christians.pdf Graphic file (type pdf)
 <use ./SongFiles/awake_arise_good_christians.pdf, page 2>
Package pdftex.def Info: ./SongFiles/awake_arise_good_christians.pdf, page2 use
d on input line 56.
(pdftex.def)             Requested size: 567.63348pt x 802.7902pt.
File: ./SongFiles/awake_arise_good_christians.pdf Graphic file (type pdf)

<use ./SongFiles/awake_arise_good_christians.pdf, page 2>
Package pdftex.def Info: ./SongFiles/awake_arise_good_christians.pdf, page2 use
d on input line 56.
(pdftex.def)             Requested size: 567.63348pt x 802.7902pt.
File: ./SongFiles/awake_arise_good_christians.pdf Graphic file (type pdf)

<use ./SongFiles/awake_arise_good_christians.pdf, page 2>
Package pdftex.def Info: ./SongFiles/awake_arise_good_christians.pdf, page2 use
d on input line 56.
(pdftex.def)             Requested size: 567.63348pt x 802.7902pt.
 [7 <./SongFiles/awake_arise_good_christians.pdf>]
<./SongFiles/back_lane.pdf, id=248, 597.51233pt x 845.0471pt>
File: ./SongFiles/back_lane.pdf Graphic file (type pdf)

<use ./SongFiles/back_lane.pdf>
Package pdftex.def Info: ./SongFiles/back_lane.pdf used on input line 58.
(pdftex.def)             Requested size: 597.51086pt x 845.04504pt.
File: ./SongFiles/back_lane.pdf Graphic file (type pdf)
 <use ./SongFiles/back_lane.pdf>
Package pdftex.def Info: ./SongFiles/back_lane.pdf used on input line 58.
(pdftex.def)             Requested size: 597.51086pt x 845.04504pt.

<./SongFiles/back_lane.pdf, id=251, page=1, 597.51233pt x 845.0471pt>
File: ./SongFiles/back_lane.pdf Graphic file (type pdf)

<use ./SongFiles/back_lane.pdf, page 1>
Package pdftex.def Info: ./SongFiles/back_lane.pdf, page1 used on input line 58
.
(pdftex.def)             Requested size: 597.51086pt x 845.04504pt.
File: ./SongFiles/back_lane.pdf Graphic file (type pdf)

<use ./SongFiles/back_lane.pdf, page 1>
Package pdftex.def Info: ./SongFiles/back_lane.pdf, page1 used on input line 58
.
(pdftex.def)             Requested size: 567.63348pt x 802.7902pt.
File: ./SongFiles/back_lane.pdf Graphic file (type pdf)

<use ./SongFiles/back_lane.pdf, page 1>
Package pdftex.def Info: ./SongFiles/back_lane.pdf, page1 used on input line 58
.
(pdftex.def)             Requested size: 567.63348pt x 802.7902pt.
File: ./SongFiles/back_lane.pdf Graphic file (type pdf)

<use ./SongFiles/back_lane.pdf, page 1>
Package pdftex.def Info: ./SongFiles/back_lane.pdf, page1 used on input line 58
.
(pdftex.def)             Requested size: 567.63348pt x 802.7902pt.
File: ./SongFiles/back_lane.pdf Graphic file (type pdf)

<use ./SongFiles/back_lane.pdf, page 1>
Package pdftex.def Info: ./SongFiles/back_lane.pdf, page1 used on input line 58
.
(pdftex.def)             Requested size: 567.63348pt x 802.7902pt.
 [8 <./SongFiles/back_lane.pdf>]
<./SongFiles/back_lane.pdf, id=266, page=2, 597.51233pt x 845.0471pt>
File: ./SongFiles/back_lane.pdf Graphic file (type pdf)

<use ./SongFiles/back_lane.pdf, page 2>
Package pdftex.def Info: ./SongFiles/back_lane.pdf, page2 used on input line 58
.
(pdftex.def)             Requested size: 567.63348pt x 802.7902pt.
File: ./SongFiles/back_lane.pdf Graphic file (type pdf)

<use ./SongFiles/back_lane.pdf, page 2>
Package pdftex.def Info: ./SongFiles/back_lane.pdf, page2 used on input line 58
.
(pdftex.def)             Requested size: 567.63348pt x 802.7902pt.
File: ./SongFiles/back_lane.pdf Graphic file (type pdf)

<use ./SongFiles/back_lane.pdf, page 2>
Package pdftex.def Info: ./SongFiles/back_lane.pdf, page2 used on input line 58
.
(pdftex.def)             Requested size: 567.63348pt x 802.7902pt.
 [9 <./SongFiles/back_lane.pdf>]
<./SongFiles/christmas_tree.pdf, id=271, 597.51233pt x 845.0471pt>
File: ./SongFiles/christmas_tree.pdf Graphic file (type pdf)

<use ./SongFiles/christmas_tree.pdf>
Package pdftex.def Info: ./SongFiles/christmas_tree.pdf used on input line 60.
(pdftex.def)             Requested size: 597.51086pt x 845.04504pt.
File: ./SongFiles/christmas_tree.pdf Graphic file (type pdf)
 <use ./SongFiles/christmas_tree.pdf>
Package pdftex.def Info: ./SongFiles/christmas_tree.pdf used on input line 60.
(pdftex.def)             Requested size: 597.51086pt x 845.04504pt.

<./SongFiles/christmas_tree.pdf, id=274, page=1, 597.51233pt x 845.0471pt>
File: ./SongFiles/christmas_tree.pdf Graphic file (type pdf)

<use ./SongFiles/christmas_tree.pdf, page 1>
Package pdftex.def Info: ./SongFiles/christmas_tree.pdf, page1 used on input li
ne 60.
(pdftex.def)             Requested size: 597.51086pt x 845.04504pt.
File: ./SongFiles/christmas_tree.pdf Graphic file (type pdf)

<use ./SongFiles/christmas_tree.pdf, page 1>
Package pdftex.def Info: ./SongFiles/christmas_tree.pdf, page1 used on input li
ne 60.
(pdftex.def)             Requested size: 567.63348pt x 802.7902pt.
File: ./SongFiles/christmas_tree.pdf Graphic file (type pdf)

<use ./SongFiles/christmas_tree.pdf, page 1>
Package pdftex.def Info: ./SongFiles/christmas_tree.pdf, page1 used on input li
ne 60.
(pdftex.def)             Requested size: 567.63348pt x 802.7902pt.
File: ./SongFiles/christmas_tree.pdf Graphic file (type pdf)

<use ./SongFiles/christmas_tree.pdf, page 1>
Package pdftex.def Info: ./SongFiles/christmas_tree.pdf, page1 used on input li
ne 60.
(pdftex.def)             Requested size: 567.63348pt x 802.7902pt.
File: ./SongFiles/christmas_tree.pdf Graphic file (type pdf)

<use ./SongFiles/christmas_tree.pdf, page 1>
Package pdftex.def Info: ./SongFiles/christmas_tree.pdf, page1 used on input li
ne 60.
(pdftex.def)             Requested size: 567.63348pt x 802.7902pt.
 [10 <./SongFiles/christmas_tree.pdf>] <./SongFiles/christmas_tree.pdf, id=289,
 page=2, 597.51233pt x 845.0471pt>
File: ./SongFiles/christmas_tree.pdf Graphic file (type pdf)

<use ./SongFiles/christmas_tree.pdf, page 2>
Package pdftex.def Info: ./SongFiles/christmas_tree.pdf, page2 used on input li
ne 60.
(pdftex.def)             Requested size: 567.63348pt x 802.7902pt.
File: ./SongFiles/christmas_tree.pdf Graphic file (type pdf)

<use ./SongFiles/christmas_tree.pdf, page 2>
Package pdftex.def Info: ./SongFiles/christmas_tree.pdf, page2 used on input li
ne 60.
(pdftex.def)             Requested size: 567.63348pt x 802.7902pt.
File: ./SongFiles/christmas_tree.pdf Graphic file (type pdf)

<use ./SongFiles/christmas_tree.pdf, page 2>
Package pdftex.def Info: ./SongFiles/christmas_tree.pdf, page2 used on input li
ne 60.
(pdftex.def)             Requested size: 567.63348pt x 802.7902pt.
 [11 <./SongFiles/christmas_tree.pdf>] <./SongFiles/curly_hark.pdf, id=294, 597
.51233pt x 845.0471pt>
File: ./SongFiles/curly_hark.pdf Graphic file (type pdf)

<use ./SongFiles/curly_hark.pdf>
Package pdftex.def Info: ./SongFiles/curly_hark.pdf used on input line 62.
(pdftex.def)             Requested size: 597.51086pt x 845.04504pt.
File: ./SongFiles/curly_hark.pdf Graphic file (type pdf)
 <use ./SongFiles/curly_hark.pdf>
Package pdftex.def Info: ./SongFiles/curly_hark.pdf used on input line 62.
(pdftex.def)             Requested size: 597.51086pt x 845.04504pt.

<./SongFiles/curly_hark.pdf, id=297, page=1, 597.51233pt x 845.0471pt>
File: ./SongFiles/curly_hark.pdf Graphic file (type pdf)

<use ./SongFiles/curly_hark.pdf, page 1>
Package pdftex.def Info: ./SongFiles/curly_hark.pdf, page1 used on input line 6
2.
(pdftex.def)             Requested size: 597.51086pt x 845.04504pt.
File: ./SongFiles/curly_hark.pdf Graphic file (type pdf)

<use ./SongFiles/curly_hark.pdf, page 1>
Package pdftex.def Info: ./SongFiles/curly_hark.pdf, page1 used on input line 6
2.
(pdftex.def)             Requested size: 567.63348pt x 802.7902pt.
File: ./SongFiles/curly_hark.pdf Graphic file (type pdf)

<use ./SongFiles/curly_hark.pdf, page 1>
Package pdftex.def Info: ./SongFiles/curly_hark.pdf, page1 used on input line 6
2.
(pdftex.def)             Requested size: 567.63348pt x 802.7902pt.
File: ./SongFiles/curly_hark.pdf Graphic file (type pdf)

<use ./SongFiles/curly_hark.pdf, page 1>
Package pdftex.def Info: ./SongFiles/curly_hark.pdf, page1 used on input line 6
2.
(pdftex.def)             Requested size: 567.63348pt x 802.7902pt.
File: ./SongFiles/curly_hark.pdf Graphic file (type pdf)

<use ./SongFiles/curly_hark.pdf, page 1>
Package pdftex.def Info: ./SongFiles/curly_hark.pdf, page1 used on input line 6
2.
(pdftex.def)             Requested size: 567.63348pt x 802.7902pt.
 [12 <./SongFiles/curly_hark.pdf>]
<./SongFiles/curly_hark.pdf, id=312, page=2, 597.51233pt x 845.0471pt>
File: ./SongFiles/curly_hark.pdf Graphic file (type pdf)

<use ./SongFiles/curly_hark.pdf, page 2>
Package pdftex.def Info: ./SongFiles/curly_hark.pdf, page2 used on input line 6
2.
(pdftex.def)             Requested size: 567.63348pt x 802.7902pt.
File: ./SongFiles/curly_hark.pdf Graphic file (type pdf)

<use ./SongFiles/curly_hark.pdf, page 2>
Package pdftex.def Info: ./SongFiles/curly_hark.pdf, page2 used on input line 6
2.
(pdftex.def)             Requested size: 567.63348pt x 802.7902pt.
File: ./SongFiles/curly_hark.pdf Graphic file (type pdf)

<use ./SongFiles/curly_hark.pdf, page 2>
Package pdftex.def Info: ./SongFiles/curly_hark.pdf, page2 used on input line 6
2.
(pdftex.def)             Requested size: 567.63348pt x 802.7902pt.
 [13 <./SongFiles/curly_hark.pdf>]
<./SongFiles/diadem.pdf, id=318, 597.51233pt x 845.0471pt>
File: ./SongFiles/diadem.pdf Graphic file (type pdf)

<use ./SongFiles/diadem.pdf>
Package pdftex.def Info: ./SongFiles/diadem.pdf used on input line 64.
(pdftex.def)             Requested size: 597.51086pt x 845.04504pt.
File: ./SongFiles/diadem.pdf Graphic file (type pdf)
 <use ./SongFiles/diadem.pdf>
Package pdftex.def Info: ./SongFiles/diadem.pdf used on input line 64.
(pdftex.def)             Requested size: 597.51086pt x 845.04504pt.

<./SongFiles/diadem.pdf, id=321, page=1, 597.51233pt x 845.0471pt>
File: ./SongFiles/diadem.pdf Graphic file (type pdf)

<use ./SongFiles/diadem.pdf, page 1>
Package pdftex.def Info: ./SongFiles/diadem.pdf, page1 used on input line 64.
(pdftex.def)             Requested size: 597.51086pt x 845.04504pt.
File: ./SongFiles/diadem.pdf Graphic file (type pdf)
 <use ./SongFiles/diadem.pdf, page 1>
Package pdftex.def Info: ./SongFiles/diadem.pdf, page1 used on input line 64.
(pdftex.def)             Requested size: 567.63348pt x 802.7902pt.
File: ./SongFiles/diadem.pdf Graphic file (type pdf)

<use ./SongFiles/diadem.pdf, page 1>
Package pdftex.def Info: ./SongFiles/diadem.pdf, page1 used on input line 64.
(pdftex.def)             Requested size: 567.63348pt x 802.7902pt.
File: ./SongFiles/diadem.pdf Graphic file (type pdf)
 <use ./SongFiles/diadem.pdf, page 1>
Package pdftex.def Info: ./SongFiles/diadem.pdf, page1 used on input line 64.
(pdftex.def)             Requested size: 567.63348pt x 802.7902pt.
File: ./SongFiles/diadem.pdf Graphic file (type pdf)

<use ./SongFiles/diadem.pdf, page 1>
Package pdftex.def Info: ./SongFiles/diadem.pdf, page1 used on input line 64.
(pdftex.def)             Requested size: 567.63348pt x 802.7902pt.
 [14 <./SongFiles/diadem.pdf>]
<./SongFiles/diadem.pdf, id=336, page=2, 597.51233pt x 845.0471pt>
File: ./SongFiles/diadem.pdf Graphic file (type pdf)

<use ./SongFiles/diadem.pdf, page 2>
Package pdftex.def Info: ./SongFiles/diadem.pdf, page2 used on input line 64.
(pdftex.def)             Requested size: 567.63348pt x 802.7902pt.
File: ./SongFiles/diadem.pdf Graphic file (type pdf)
 <use ./SongFiles/diadem.pdf, page 2>
Package pdftex.def Info: ./SongFiles/diadem.pdf, page2 used on input line 64.
(pdftex.def)             Requested size: 567.63348pt x 802.7902pt.
File: ./SongFiles/diadem.pdf Graphic file (type pdf)

<use ./SongFiles/diadem.pdf, page 2>
Package pdftex.def Info: ./SongFiles/diadem.pdf, page2 used on input line 64.
(pdftex.def)             Requested size: 567.63348pt x 802.7902pt.
 [15 <./SongFiles/diadem.pdf>]
<./SongFiles/Egypt.pdf, id=345, 597.51233pt x 845.0471pt>
File: ./SongFiles/Egypt.pdf Graphic file (type pdf)

<use ./SongFiles/Egypt.pdf>
Package pdftex.def Info: ./SongFiles/Egypt.pdf used on input line 66.
(pdftex.def)             Requested size: 597.51086pt x 845.04504pt.
File: ./SongFiles/Egypt.pdf Graphic file (type pdf)
 <use ./SongFiles/Egypt.pdf>
Package pdftex.def Info: ./SongFiles/Egypt.pdf used on input line 66.
(pdftex.def)             Requested size: 597.51086pt x 845.04504pt.

<./SongFiles/Egypt.pdf, id=348, page=1, 597.51233pt x 845.0471pt>
File: ./SongFiles/Egypt.pdf Graphic file (type pdf)

<use ./SongFiles/Egypt.pdf, page 1>
Package pdftex.def Info: ./SongFiles/Egypt.pdf, page1 used on input line 66.
(pdftex.def)             Requested size: 597.51086pt x 845.04504pt.
File: ./SongFiles/Egypt.pdf Graphic file (type pdf)
 <use ./SongFiles/Egypt.pdf, page 1>
Package pdftex.def Info: ./SongFiles/Egypt.pdf, page1 used on input line 66.
(pdftex.def)             Requested size: 567.63348pt x 802.7902pt.
File: ./SongFiles/Egypt.pdf Graphic file (type pdf)

<use ./SongFiles/Egypt.pdf, page 1>
Package pdftex.def Info: ./SongFiles/Egypt.pdf, page1 used on input line 66.
(pdftex.def)             Requested size: 567.63348pt x 802.7902pt.
File: ./SongFiles/Egypt.pdf Graphic file (type pdf)
 <use ./SongFiles/Egypt.pdf, page 1>
Package pdftex.def Info: ./SongFiles/Egypt.pdf, page1 used on input line 66.
(pdftex.def)             Requested size: 567.63348pt x 802.7902pt.
File: ./SongFiles/Egypt.pdf Graphic file (type pdf)

<use ./SongFiles/Egypt.pdf, page 1>
Package pdftex.def Info: ./SongFiles/Egypt.pdf, page1 used on input line 66.
(pdftex.def)             Requested size: 567.63348pt x 802.7902pt.
 [16 <./SongFiles/Egypt.pdf>]
<./SongFiles/good_news.pdf, id=363, 597.51233pt x 845.0471pt>
File: ./SongFiles/good_news.pdf Graphic file (type pdf)

<use ./SongFiles/good_news.pdf>
Package pdftex.def Info: ./SongFiles/good_news.pdf used on input line 68.
(pdftex.def)             Requested size: 597.51086pt x 845.04504pt.
File: ./SongFiles/good_news.pdf Graphic file (type pdf)
 <use ./SongFiles/good_news.pdf>
Package pdftex.def Info: ./SongFiles/good_news.pdf used on input line 68.
(pdftex.def)             Requested size: 597.51086pt x 845.04504pt.

<./SongFiles/good_news.pdf, id=366, page=1, 597.51233pt x 845.0471pt>
File: ./SongFiles/good_news.pdf Graphic file (type pdf)

<use ./SongFiles/good_news.pdf, page 1>
Package pdftex.def Info: ./SongFiles/good_news.pdf, page1 used on input line 68
.
(pdftex.def)             Requested size: 597.51086pt x 845.04504pt.
File: ./SongFiles/good_news.pdf Graphic file (type pdf)

<use ./SongFiles/good_news.pdf, page 1>
Package pdftex.def Info: ./SongFiles/good_news.pdf, page1 used on input line 68
.
(pdftex.def)             Requested size: 567.63348pt x 802.7902pt.
File: ./SongFiles/good_news.pdf Graphic file (type pdf)

<use ./SongFiles/good_news.pdf, page 1>
Package pdftex.def Info: ./SongFiles/good_news.pdf, page1 used on input line 68
.
(pdftex.def)             Requested size: 567.63348pt x 802.7902pt.
File: ./SongFiles/good_news.pdf Graphic file (type pdf)

<use ./SongFiles/good_news.pdf, page 1>
Package pdftex.def Info: ./SongFiles/good_news.pdf, page1 used on input line 68
.
(pdftex.def)             Requested size: 567.63348pt x 802.7902pt.
File: ./SongFiles/good_news.pdf Graphic file (type pdf)

<use ./SongFiles/good_news.pdf, page 1>
Package pdftex.def Info: ./SongFiles/good_news.pdf, page1 used on input line 68
.
(pdftex.def)             Requested size: 567.63348pt x 802.7902pt.
 [17 <./SongFiles/good_news.pdf>]
<./SongFiles/good_news.pdf, id=381, page=2, 597.51233pt x 845.0471pt>
File: ./SongFiles/good_news.pdf Graphic file (type pdf)

<use ./SongFiles/good_news.pdf, page 2>
Package pdftex.def Info: ./SongFiles/good_news.pdf, page2 used on input line 68
.
(pdftex.def)             Requested size: 567.63348pt x 802.7902pt.
File: ./SongFiles/good_news.pdf Graphic file (type pdf)

<use ./SongFiles/good_news.pdf, page 2>
Package pdftex.def Info: ./SongFiles/good_news.pdf, page2 used on input line 68
.
(pdftex.def)             Requested size: 567.63348pt x 802.7902pt.
File: ./SongFiles/good_news.pdf Graphic file (type pdf)

<use ./SongFiles/good_news.pdf, page 2>
Package pdftex.def Info: ./SongFiles/good_news.pdf, page2 used on input line 68
.
(pdftex.def)             Requested size: 567.63348pt x 802.7902pt.
 [18 <./SongFiles/good_news.pdf>]
<./SongFiles/hark_hark.pdf, id=390, 597.51233pt x 845.0471pt>
File: ./SongFiles/hark_hark.pdf Graphic file (type pdf)

<use ./SongFiles/hark_hark.pdf>
Package pdftex.def Info: ./SongFiles/hark_hark.pdf used on input line 70.
(pdftex.def)             Requested size: 597.51086pt x 845.04504pt.
File: ./SongFiles/hark_hark.pdf Graphic file (type pdf)
 <use ./SongFiles/hark_hark.pdf>
Package pdftex.def Info: ./SongFiles/hark_hark.pdf used on input line 70.
(pdftex.def)             Requested size: 597.51086pt x 845.04504pt.

<./SongFiles/hark_hark.pdf, id=393, page=1, 597.51233pt x 845.0471pt>
File: ./SongFiles/hark_hark.pdf Graphic file (type pdf)

<use ./SongFiles/hark_hark.pdf, page 1>
Package pdftex.def Info: ./SongFiles/hark_hark.pdf, page1 used on input line 70
.
(pdftex.def)             Requested size: 597.51086pt x 845.04504pt.
File: ./SongFiles/hark_hark.pdf Graphic file (type pdf)

<use ./SongFiles/hark_hark.pdf, page 1>
Package pdftex.def Info: ./SongFiles/hark_hark.pdf, page1 used on input line 70
.
(pdftex.def)             Requested size: 567.63348pt x 802.7902pt.
File: ./SongFiles/hark_hark.pdf Graphic file (type pdf)

<use ./SongFiles/hark_hark.pdf, page 1>
Package pdftex.def Info: ./SongFiles/hark_hark.pdf, page1 used on input line 70
.
(pdftex.def)             Requested size: 567.63348pt x 802.7902pt.
File: ./SongFiles/hark_hark.pdf Graphic file (type pdf)

<use ./SongFiles/hark_hark.pdf, page 1>
Package pdftex.def Info: ./SongFiles/hark_hark.pdf, page1 used on input line 70
.
(pdftex.def)             Requested size: 567.63348pt x 802.7902pt.
File: ./SongFiles/hark_hark.pdf Graphic file (type pdf)

<use ./SongFiles/hark_hark.pdf, page 1>
Package pdftex.def Info: ./SongFiles/hark_hark.pdf, page1 used on input line 70
.
(pdftex.def)             Requested size: 567.63348pt x 802.7902pt.
 [19 <./SongFiles/hark_hark.pdf>]
<./SongFiles/hail_smiling_morn.pdf, id=409, 597.51233pt x 845.0471pt>
File: ./SongFiles/hail_smiling_morn.pdf Graphic file (type pdf)

<use ./SongFiles/hail_smiling_morn.pdf>
Package pdftex.def Info: ./SongFiles/hail_smiling_morn.pdf used on input line 7
2.
(pdftex.def)             Requested size: 597.51086pt x 845.04504pt.
File: ./SongFiles/hail_smiling_morn.pdf Graphic file (type pdf)

<use ./SongFiles/hail_smiling_morn.pdf>
Package pdftex.def Info: ./SongFiles/hail_smiling_morn.pdf used on input line 7
2.
(pdftex.def)             Requested size: 597.51086pt x 845.04504pt.

<./SongFiles/hail_smiling_morn.pdf, id=412, page=1, 597.51233pt x 845.0471pt>
File: ./SongFiles/hail_smiling_morn.pdf Graphic file (type pdf)

<use ./SongFiles/hail_smiling_morn.pdf, page 1>
Package pdftex.def Info: ./SongFiles/hail_smiling_morn.pdf, page1 used on input
 line 72.
(pdftex.def)             Requested size: 597.51086pt x 845.04504pt.
File: ./SongFiles/hail_smiling_morn.pdf Graphic file (type pdf)

<use ./SongFiles/hail_smiling_morn.pdf, page 1>
Package pdftex.def Info: ./SongFiles/hail_smiling_morn.pdf, page1 used on input
 line 72.
(pdftex.def)             Requested size: 567.63348pt x 802.7902pt.
File: ./SongFiles/hail_smiling_morn.pdf Graphic file (type pdf)

<use ./SongFiles/hail_smiling_morn.pdf, page 1>
Package pdftex.def Info: ./SongFiles/hail_smiling_morn.pdf, page1 used on input
 line 72.
(pdftex.def)             Requested size: 567.63348pt x 802.7902pt.
File: ./SongFiles/hail_smiling_morn.pdf Graphic file (type pdf)

<use ./SongFiles/hail_smiling_morn.pdf, page 1>
Package pdftex.def Info: ./SongFiles/hail_smiling_morn.pdf, page1 used on input
 line 72.
(pdftex.def)             Requested size: 567.63348pt x 802.7902pt.
File: ./SongFiles/hail_smiling_morn.pdf Graphic file (type pdf)

<use ./SongFiles/hail_smiling_morn.pdf, page 1>
Package pdftex.def Info: ./SongFiles/hail_smiling_morn.pdf, page1 used on input
 line 72.
(pdftex.def)             Requested size: 567.63348pt x 802.7902pt.
 [20 <./SongFiles/hail_smiling_morn.pdf>]
<./SongFiles/hail_smiling_morn.pdf, id=427, page=2, 597.51233pt x 845.0471pt>
File: ./SongFiles/hail_smiling_morn.pdf Graphic file (type pdf)

<use ./SongFiles/hail_smiling_morn.pdf, page 2>
Package pdftex.def Info: ./SongFiles/hail_smiling_morn.pdf, page2 used on input
 line 72.
(pdftex.def)             Requested size: 567.63348pt x 802.7902pt.
File: ./SongFiles/hail_smiling_morn.pdf Graphic file (type pdf)

<use ./SongFiles/hail_smiling_morn.pdf, page 2>
Package pdftex.def Info: ./SongFiles/hail_smiling_morn.pdf, page2 used on input
 line 72.
(pdftex.def)             Requested size: 567.63348pt x 802.7902pt.
File: ./SongFiles/hail_smiling_morn.pdf Graphic file (type pdf)

<use ./SongFiles/hail_smiling_morn.pdf, page 2>
Package pdftex.def Info: ./SongFiles/hail_smiling_morn.pdf, page2 used on input
 line 72.
(pdftex.def)             Requested size: 567.63348pt x 802.7902pt.
 [21 <./SongFiles/hail_smiling_morn.pdf>]
<./SongFiles/hail_smiling_morn.pdf, id=432, page=3, 597.51233pt x 845.0471pt>
File: ./SongFiles/hail_smiling_morn.pdf Graphic file (type pdf)

<use ./SongFiles/hail_smiling_morn.pdf, page 3>
Package pdftex.def Info: ./SongFiles/hail_smiling_morn.pdf, page3 used on input
 line 72.
(pdftex.def)             Requested size: 567.63348pt x 802.7902pt.
File: ./SongFiles/hail_smiling_morn.pdf Graphic file (type pdf)

<use ./SongFiles/hail_smiling_morn.pdf, page 3>
Package pdftex.def Info: ./SongFiles/hail_smiling_morn.pdf, page3 used on input
 line 72.
(pdftex.def)             Requested size: 567.63348pt x 802.7902pt.
File: ./SongFiles/hail_smiling_morn.pdf Graphic file (type pdf)

<use ./SongFiles/hail_smiling_morn.pdf, page 3>
Package pdftex.def Info: ./SongFiles/hail_smiling_morn.pdf, page3 used on input
 line 72.
(pdftex.def)             Requested size: 567.63348pt x 802.7902pt.
 [22 <./SongFiles/hail_smiling_morn.pdf>]
<./SongFiles/how_beautiful_upon_the_mountain.pdf, id=440, 597.51233pt x 845.047
1pt>
File: ./SongFiles/how_beautiful_upon_the_mountain.pdf Graphic file (type pdf)
 <use ./SongFiles/how_beautiful_upon_the_mountain.pdf>
Package pdftex.def Info: ./SongFiles/how_beautiful_upon_the_mountain.pdf used o
n input line 74.
(pdftex.def)             Requested size: 597.51086pt x 845.04504pt.
File: ./SongFiles/how_beautiful_upon_the_mountain.pdf Graphic file (type pdf)

<use ./SongFiles/how_beautiful_upon_the_mountain.pdf>
Package pdftex.def Info: ./SongFiles/how_beautiful_upon_the_mountain.pdf used o
n input line 74.
(pdftex.def)             Requested size: 597.51086pt x 845.04504pt.

<./SongFiles/how_beautiful_upon_the_mountain.pdf, id=443, page=1, 597.51233pt x
 845.0471pt>
File: ./SongFiles/how_beautiful_upon_the_mountain.pdf Graphic file (type pdf)
 <use ./SongFiles/how_beautiful_upon_the_mountain.pdf, page 1>
Package pdftex.def Info: ./SongFiles/how_beautiful_upon_the_mountain.pdf, page1
 used on input line 74.
(pdftex.def)             Requested size: 597.51086pt x 845.04504pt.
File: ./SongFiles/how_beautiful_upon_the_mountain.pdf Graphic file (type pdf)

<use ./SongFiles/how_beautiful_upon_the_mountain.pdf, page 1>
Package pdftex.def Info: ./SongFiles/how_beautiful_upon_the_mountain.pdf, page1
 used on input line 74.
(pdftex.def)             Requested size: 567.63348pt x 802.7902pt.
File: ./SongFiles/how_beautiful_upon_the_mountain.pdf Graphic file (type pdf)

<use ./SongFiles/how_beautiful_upon_the_mountain.pdf, page 1>
Package pdftex.def Info: ./SongFiles/how_beautiful_upon_the_mountain.pdf, page1
 used on input line 74.
(pdftex.def)             Requested size: 567.63348pt x 802.7902pt.
File: ./SongFiles/how_beautiful_upon_the_mountain.pdf Graphic file (type pdf)

<use ./SongFiles/how_beautiful_upon_the_mountain.pdf, page 1>
Package pdftex.def Info: ./SongFiles/how_beautiful_upon_the_mountain.pdf, page1
 used on input line 74.
(pdftex.def)             Requested size: 567.63348pt x 802.7902pt.
File: ./SongFiles/how_beautiful_upon_the_mountain.pdf Graphic file (type pdf)

<use ./SongFiles/how_beautiful_upon_the_mountain.pdf, page 1>
Package pdftex.def Info: ./SongFiles/how_beautiful_upon_the_mountain.pdf, page1
 used on input line 74.
(pdftex.def)             Requested size: 567.63348pt x 802.7902pt.
 [23 <./SongFiles/how_beautiful_upon_the_mountain.pdf>]
<./SongFiles/how_beautiful_upon_the_mountain.pdf, id=460, page=2, 597.51233pt x
 845.0471pt>
File: ./SongFiles/how_beautiful_upon_the_mountain.pdf Graphic file (type pdf)
 <use ./SongFiles/how_beautiful_upon_the_mountain.pdf, page 2>
Package pdftex.def Info: ./SongFiles/how_beautiful_upon_the_mountain.pdf, page2
 used on input line 74.
(pdftex.def)             Requested size: 567.63348pt x 802.7902pt.
File: ./SongFiles/how_beautiful_upon_the_mountain.pdf Graphic file (type pdf)

<use ./SongFiles/how_beautiful_upon_the_mountain.pdf, page 2>
Package pdftex.def Info: ./SongFiles/how_beautiful_upon_the_mountain.pdf, page2
 used on input line 74.
(pdftex.def)             Requested size: 567.63348pt x 802.7902pt.
File: ./SongFiles/how_beautiful_upon_the_mountain.pdf Graphic file (type pdf)

<use ./SongFiles/how_beautiful_upon_the_mountain.pdf, page 2>
Package pdftex.def Info: ./SongFiles/how_beautiful_upon_the_mountain.pdf, page2
 used on input line 74.
(pdftex.def)             Requested size: 567.63348pt x 802.7902pt.
 [24 <./SongFiles/how_beautiful_upon_the_mountain.pdf>]
<./SongFiles/jacobs_well.pdf, id=465, 597.51233pt x 845.0471pt>
File: ./SongFiles/jacobs_well.pdf Graphic file (type pdf)

<use ./SongFiles/jacobs_well.pdf>
Package pdftex.def Info: ./SongFiles/jacobs_well.pdf used on input line 76.
(pdftex.def)             Requested size: 597.51086pt x 845.04504pt.
File: ./SongFiles/jacobs_well.pdf Graphic file (type pdf)
 <use ./SongFiles/jacobs_well.pdf>
Package pdftex.def Info: ./SongFiles/jacobs_well.pdf used on input line 76.
(pdftex.def)             Requested size: 597.51086pt x 845.04504pt.

<./SongFiles/jacobs_well.pdf, id=468, page=1, 597.51233pt x 845.0471pt>
File: ./SongFiles/jacobs_well.pdf Graphic file (type pdf)

<use ./SongFiles/jacobs_well.pdf, page 1>
Package pdftex.def Info: ./SongFiles/jacobs_well.pdf, page1 used on input line 
76.
(pdftex.def)             Requested size: 597.51086pt x 845.04504pt.
File: ./SongFiles/jacobs_well.pdf Graphic file (type pdf)

<use ./SongFiles/jacobs_well.pdf, page 1>
Package pdftex.def Info: ./SongFiles/jacobs_well.pdf, page1 used on input line 
76.
(pdftex.def)             Requested size: 567.63348pt x 802.7902pt.
File: ./SongFiles/jacobs_well.pdf Graphic file (type pdf)

<use ./SongFiles/jacobs_well.pdf, page 1>
Package pdftex.def Info: ./SongFiles/jacobs_well.pdf, page1 used on input line 
76.
(pdftex.def)             Requested size: 567.63348pt x 802.7902pt.
File: ./SongFiles/jacobs_well.pdf Graphic file (type pdf)

<use ./SongFiles/jacobs_well.pdf, page 1>
Package pdftex.def Info: ./SongFiles/jacobs_well.pdf, page1 used on input line 
76.
(pdftex.def)             Requested size: 567.63348pt x 802.7902pt.
File: ./SongFiles/jacobs_well.pdf Graphic file (type pdf)

<use ./SongFiles/jacobs_well.pdf, page 1>
Package pdftex.def Info: ./SongFiles/jacobs_well.pdf, page1 used on input line 
76.
(pdftex.def)             Requested size: 567.63348pt x 802.7902pt.
 [25 <./SongFiles/jacobs_well.pdf>]
<./SongFiles/little_bilberry.pdf, id=484, 597.51233pt x 845.0471pt>
File: ./SongFiles/little_bilberry.pdf Graphic file (type pdf)

<use ./SongFiles/little_bilberry.pdf>
Package pdftex.def Info: ./SongFiles/little_bilberry.pdf used on input line 78.

(pdftex.def)             Requested size: 597.51086pt x 845.04504pt.
File: ./SongFiles/little_bilberry.pdf Graphic file (type pdf)
 <use ./SongFiles/little_bilberry.pdf>
Package pdftex.def Info: ./SongFiles/little_bilberry.pdf used on input line 78.

(pdftex.def)             Requested size: 597.51086pt x 845.04504pt.

<./SongFiles/little_bilberry.pdf, id=487, page=1, 597.51233pt x 845.0471pt>
File: ./SongFiles/little_bilberry.pdf Graphic file (type pdf)

<use ./SongFiles/little_bilberry.pdf, page 1>
Package pdftex.def Info: ./SongFiles/little_bilberry.pdf, page1 used on input l
ine 78.
(pdftex.def)             Requested size: 597.51086pt x 845.04504pt.
File: ./SongFiles/little_bilberry.pdf Graphic file (type pdf)

<use ./SongFiles/little_bilberry.pdf, page 1>
Package pdftex.def Info: ./SongFiles/little_bilberry.pdf, page1 used on input l
ine 78.
(pdftex.def)             Requested size: 567.63348pt x 802.7902pt.
File: ./SongFiles/little_bilberry.pdf Graphic file (type pdf)

<use ./SongFiles/little_bilberry.pdf, page 1>
Package pdftex.def Info: ./SongFiles/little_bilberry.pdf, page1 used on input l
ine 78.
(pdftex.def)             Requested size: 567.63348pt x 802.7902pt.
File: ./SongFiles/little_bilberry.pdf Graphic file (type pdf)

<use ./SongFiles/little_bilberry.pdf, page 1>
Package pdftex.def Info: ./SongFiles/little_bilberry.pdf, page1 used on input l
ine 78.
(pdftex.def)             Requested size: 567.63348pt x 802.7902pt.
File: ./SongFiles/little_bilberry.pdf Graphic file (type pdf)

<use ./SongFiles/little_bilberry.pdf, page 1>
Package pdftex.def Info: ./SongFiles/little_bilberry.pdf, page1 used on input l
ine 78.
(pdftex.def)             Requested size: 567.63348pt x 802.7902pt.
 [26 <./SongFiles/little_bilberry.pdf>] <./SongFiles/liverpool.pdf, id=502, 597
.51233pt x 845.0471pt>
File: ./SongFiles/liverpool.pdf Graphic file (type pdf)

<use ./SongFiles/liverpool.pdf>
Package pdftex.def Info: ./SongFiles/liverpool.pdf used on input line 80.
(pdftex.def)             Requested size: 597.51086pt x 845.04504pt.
File: ./SongFiles/liverpool.pdf Graphic file (type pdf)
 <use ./SongFiles/liverpool.pdf>
Package pdftex.def Info: ./SongFiles/liverpool.pdf used on input line 80.
(pdftex.def)             Requested size: 597.51086pt x 845.04504pt.

<./SongFiles/liverpool.pdf, id=505, page=1, 597.51233pt x 845.0471pt>
File: ./SongFiles/liverpool.pdf Graphic file (type pdf)

<use ./SongFiles/liverpool.pdf, page 1>
Package pdftex.def Info: ./SongFiles/liverpool.pdf, page1 used on input line 80
.
(pdftex.def)             Requested size: 597.51086pt x 845.04504pt.
File: ./SongFiles/liverpool.pdf Graphic file (type pdf)

<use ./SongFiles/liverpool.pdf, page 1>
Package pdftex.def Info: ./SongFiles/liverpool.pdf, page1 used on input line 80
.
(pdftex.def)             Requested size: 567.63348pt x 802.7902pt.
File: ./SongFiles/liverpool.pdf Graphic file (type pdf)

<use ./SongFiles/liverpool.pdf, page 1>
Package pdftex.def Info: ./SongFiles/liverpool.pdf, page1 used on input line 80
.
(pdftex.def)             Requested size: 567.63348pt x 802.7902pt.
File: ./SongFiles/liverpool.pdf Graphic file (type pdf)

<use ./SongFiles/liverpool.pdf, page 1>
Package pdftex.def Info: ./SongFiles/liverpool.pdf, page1 used on input line 80
.
(pdftex.def)             Requested size: 567.63348pt x 802.7902pt.
File: ./SongFiles/liverpool.pdf Graphic file (type pdf)

<use ./SongFiles/liverpool.pdf, page 1>
Package pdftex.def Info: ./SongFiles/liverpool.pdf, page1 used on input line 80
.
(pdftex.def)             Requested size: 567.63348pt x 802.7902pt.
 [27 <./SongFiles/liverpool.pdf>]
<./SongFiles/lloyd.pdf, id=520, 597.51233pt x 845.0471pt>
File: ./SongFiles/lloyd.pdf Graphic file (type pdf)

<use ./SongFiles/lloyd.pdf>
Package pdftex.def Info: ./SongFiles/lloyd.pdf used on input line 82.
(pdftex.def)             Requested size: 597.51086pt x 845.04504pt.
File: ./SongFiles/lloyd.pdf Graphic file (type pdf)
 <use ./SongFiles/lloyd.pdf>
Package pdftex.def Info: ./SongFiles/lloyd.pdf used on input line 82.
(pdftex.def)             Requested size: 597.51086pt x 845.04504pt.

<./SongFiles/lloyd.pdf, id=523, page=1, 597.51233pt x 845.0471pt>
File: ./SongFiles/lloyd.pdf Graphic file (type pdf)

<use ./SongFiles/lloyd.pdf, page 1>
Package pdftex.def Info: ./SongFiles/lloyd.pdf, page1 used on input line 82.
(pdftex.def)             Requested size: 597.51086pt x 845.04504pt.
File: ./SongFiles/lloyd.pdf Graphic file (type pdf)
 <use ./SongFiles/lloyd.pdf, page 1>
Package pdftex.def Info: ./SongFiles/lloyd.pdf, page1 used on input line 82.
(pdftex.def)             Requested size: 567.63348pt x 802.7902pt.
File: ./SongFiles/lloyd.pdf Graphic file (type pdf)

<use ./SongFiles/lloyd.pdf, page 1>
Package pdftex.def Info: ./SongFiles/lloyd.pdf, page1 used on input line 82.
(pdftex.def)             Requested size: 567.63348pt x 802.7902pt.
File: ./SongFiles/lloyd.pdf Graphic file (type pdf)
 <use ./SongFiles/lloyd.pdf, page 1>
Package pdftex.def Info: ./SongFiles/lloyd.pdf, page1 used on input line 82.
(pdftex.def)             Requested size: 567.63348pt x 802.7902pt.
File: ./SongFiles/lloyd.pdf Graphic file (type pdf)

<use ./SongFiles/lloyd.pdf, page 1>
Package pdftex.def Info: ./SongFiles/lloyd.pdf, page1 used on input line 82.
(pdftex.def)             Requested size: 567.63348pt x 802.7902pt.
 [28 <./SongFiles/lloyd.pdf>]
<./SongFiles/lo_the_eastern_magi_rise.pdf, id=538, 597.51233pt x 845.0471pt>
File: ./SongFiles/lo_the_eastern_magi_rise.pdf Graphic file (type pdf)

<use ./SongFiles/lo_the_eastern_magi_rise.pdf>
Package pdftex.def Info: ./SongFiles/lo_the_eastern_magi_rise.pdf used on input
 line 84.
(pdftex.def)             Requested size: 597.51086pt x 845.04504pt.
File: ./SongFiles/lo_the_eastern_magi_rise.pdf Graphic file (type pdf)

<use ./SongFiles/lo_the_eastern_magi_rise.pdf>
Package pdftex.def Info: ./SongFiles/lo_the_eastern_magi_rise.pdf used on input
 line 84.
(pdftex.def)             Requested size: 597.51086pt x 845.04504pt.

<./SongFiles/lo_the_eastern_magi_rise.pdf, id=541, page=1, 597.51233pt x 845.04
71pt>
File: ./SongFiles/lo_the_eastern_magi_rise.pdf Graphic file (type pdf)
 <use ./SongFiles/lo_the_eastern_magi_rise.pdf, page 1>
Package pdftex.def Info: ./SongFiles/lo_the_eastern_magi_rise.pdf, page1 used o
n input line 84.
(pdftex.def)             Requested size: 597.51086pt x 845.04504pt.
File: ./SongFiles/lo_the_eastern_magi_rise.pdf Graphic file (type pdf)

<use ./SongFiles/lo_the_eastern_magi_rise.pdf, page 1>
Package pdftex.def Info: ./SongFiles/lo_the_eastern_magi_rise.pdf, page1 used o
n input line 84.
(pdftex.def)             Requested size: 567.63348pt x 802.7902pt.
File: ./SongFiles/lo_the_eastern_magi_rise.pdf Graphic file (type pdf)

<use ./SongFiles/lo_the_eastern_magi_rise.pdf, page 1>
Package pdftex.def Info: ./SongFiles/lo_the_eastern_magi_rise.pdf, page1 used o
n input line 84.
(pdftex.def)             Requested size: 567.63348pt x 802.7902pt.
File: ./SongFiles/lo_the_eastern_magi_rise.pdf Graphic file (type pdf)

<use ./SongFiles/lo_the_eastern_magi_rise.pdf, page 1>
Package pdftex.def Info: ./SongFiles/lo_the_eastern_magi_rise.pdf, page1 used o
n input line 84.
(pdftex.def)             Requested size: 567.63348pt x 802.7902pt.
File: ./SongFiles/lo_the_eastern_magi_rise.pdf Graphic file (type pdf)

<use ./SongFiles/lo_the_eastern_magi_rise.pdf, page 1>
Package pdftex.def Info: ./SongFiles/lo_the_eastern_magi_rise.pdf, page1 used o
n input line 84.
(pdftex.def)             Requested size: 567.63348pt x 802.7902pt.
 [29 <./SongFiles/lo_the_eastern_magi_rise.pdf>]
<./SongFiles/malin_bridge.pdf, id=556, 597.51233pt x 845.0471pt>
File: ./SongFiles/malin_bridge.pdf Graphic file (type pdf)

<use ./SongFiles/malin_bridge.pdf>
Package pdftex.def Info: ./SongFiles/malin_bridge.pdf used on input line 86.
(pdftex.def)             Requested size: 597.51086pt x 845.04504pt.
File: ./SongFiles/malin_bridge.pdf Graphic file (type pdf)
 <use ./SongFiles/malin_bridge.pdf>
Package pdftex.def Info: ./SongFiles/malin_bridge.pdf used on input line 86.
(pdftex.def)             Requested size: 597.51086pt x 845.04504pt.

<./SongFiles/malin_bridge.pdf, id=559, page=1, 597.51233pt x 845.0471pt>
File: ./SongFiles/malin_bridge.pdf Graphic file (type pdf)

<use ./SongFiles/malin_bridge.pdf, page 1>
Package pdftex.def Info: ./SongFiles/malin_bridge.pdf, page1 used on input line
 86.
(pdftex.def)             Requested size: 597.51086pt x 845.04504pt.
File: ./SongFiles/malin_bridge.pdf Graphic file (type pdf)

<use ./SongFiles/malin_bridge.pdf, page 1>
Package pdftex.def Info: ./SongFiles/malin_bridge.pdf, page1 used on input line
 86.
(pdftex.def)             Requested size: 567.63348pt x 802.7902pt.
File: ./SongFiles/malin_bridge.pdf Graphic file (type pdf)

<use ./SongFiles/malin_bridge.pdf, page 1>
Package pdftex.def Info: ./SongFiles/malin_bridge.pdf, page1 used on input line
 86.
(pdftex.def)             Requested size: 567.63348pt x 802.7902pt.
File: ./SongFiles/malin_bridge.pdf Graphic file (type pdf)

<use ./SongFiles/malin_bridge.pdf, page 1>
Package pdftex.def Info: ./SongFiles/malin_bridge.pdf, page1 used on input line
 86.
(pdftex.def)             Requested size: 567.63348pt x 802.7902pt.
File: ./SongFiles/malin_bridge.pdf Graphic file (type pdf)

<use ./SongFiles/malin_bridge.pdf, page 1>
Package pdftex.def Info: ./SongFiles/malin_bridge.pdf, page1 used on input line
 86.
(pdftex.def)             Requested size: 567.63348pt x 802.7902pt.
 [30 <./SongFiles/malin_bridge.pdf>]
<./SongFiles/merry_christmas.pdf, id=574, 597.51233pt x 845.0471pt>
File: ./SongFiles/merry_christmas.pdf Graphic file (type pdf)

<use ./SongFiles/merry_christmas.pdf>
Package pdftex.def Info: ./SongFiles/merry_christmas.pdf used on input line 88.

(pdftex.def)             Requested size: 597.51086pt x 845.04504pt.
File: ./SongFiles/merry_christmas.pdf Graphic file (type pdf)
 <use ./SongFiles/merry_christmas.pdf>
Package pdftex.def Info: ./SongFiles/merry_christmas.pdf used on input line 88.

(pdftex.def)             Requested size: 597.51086pt x 845.04504pt.

<./SongFiles/merry_christmas.pdf, id=577, page=1, 597.51233pt x 845.0471pt>
File: ./SongFiles/merry_christmas.pdf Graphic file (type pdf)

<use ./SongFiles/merry_christmas.pdf, page 1>
Package pdftex.def Info: ./SongFiles/merry_christmas.pdf, page1 used on input l
ine 88.
(pdftex.def)             Requested size: 597.51086pt x 845.04504pt.
File: ./SongFiles/merry_christmas.pdf Graphic file (type pdf)

<use ./SongFiles/merry_christmas.pdf, page 1>
Package pdftex.def Info: ./SongFiles/merry_christmas.pdf, page1 used on input l
ine 88.
(pdftex.def)             Requested size: 567.63348pt x 802.7902pt.
File: ./SongFiles/merry_christmas.pdf Graphic file (type pdf)

<use ./SongFiles/merry_christmas.pdf, page 1>
Package pdftex.def Info: ./SongFiles/merry_christmas.pdf, page1 used on input l
ine 88.
(pdftex.def)             Requested size: 567.63348pt x 802.7902pt.
File: ./SongFiles/merry_christmas.pdf Graphic file (type pdf)

<use ./SongFiles/merry_christmas.pdf, page 1>
Package pdftex.def Info: ./SongFiles/merry_christmas.pdf, page1 used on input l
ine 88.
(pdftex.def)             Requested size: 567.63348pt x 802.7902pt.
File: ./SongFiles/merry_christmas.pdf Graphic file (type pdf)

<use ./SongFiles/merry_christmas.pdf, page 1>
Package pdftex.def Info: ./SongFiles/merry_christmas.pdf, page1 used on input l
ine 88.
(pdftex.def)             Requested size: 567.63348pt x 802.7902pt.
 [31 <./SongFiles/merry_christmas.pdf>]
<./SongFiles/merry_christmas.pdf, id=595, page=2, 597.51233pt x 845.0471pt>
File: ./SongFiles/merry_christmas.pdf Graphic file (type pdf)

<use ./SongFiles/merry_christmas.pdf, page 2>
Package pdftex.def Info: ./SongFiles/merry_christmas.pdf, page2 used on input l
ine 88.
(pdftex.def)             Requested size: 567.63348pt x 802.7902pt.
File: ./SongFiles/merry_christmas.pdf Graphic file (type pdf)

<use ./SongFiles/merry_christmas.pdf, page 2>
Package pdftex.def Info: ./SongFiles/merry_christmas.pdf, page2 used on input l
ine 88.
(pdftex.def)             Requested size: 567.63348pt x 802.7902pt.
File: ./SongFiles/merry_christmas.pdf Graphic file (type pdf)

<use ./SongFiles/merry_christmas.pdf, page 2>
Package pdftex.def Info: ./SongFiles/merry_christmas.pdf, page2 used on input l
ine 88.
(pdftex.def)             Requested size: 567.63348pt x 802.7902pt.
 [32 <./SongFiles/merry_christmas.pdf>] <./SongFiles/mistletoe_bough.pdf, id=60
0, 597.51233pt x 845.0471pt>
File: ./SongFiles/mistletoe_bough.pdf Graphic file (type pdf)

<use ./SongFiles/mistletoe_bough.pdf>
Package pdftex.def Info: ./SongFiles/mistletoe_bough.pdf used on input line 90.

(pdftex.def)             Requested size: 597.51086pt x 845.04504pt.
File: ./SongFiles/mistletoe_bough.pdf Graphic file (type pdf)
 <use ./SongFiles/mistletoe_bough.pdf>
Package pdftex.def Info: ./SongFiles/mistletoe_bough.pdf used on input line 90.

(pdftex.def)             Requested size: 597.51086pt x 845.04504pt.

<./SongFiles/mistletoe_bough.pdf, id=603, page=1, 597.51233pt x 845.0471pt>
File: ./SongFiles/mistletoe_bough.pdf Graphic file (type pdf)

<use ./SongFiles/mistletoe_bough.pdf, page 1>
Package pdftex.def Info: ./SongFiles/mistletoe_bough.pdf, page1 used on input l
ine 90.
(pdftex.def)             Requested size: 597.51086pt x 845.04504pt.
File: ./SongFiles/mistletoe_bough.pdf Graphic file (type pdf)

<use ./SongFiles/mistletoe_bough.pdf, page 1>
Package pdftex.def Info: ./SongFiles/mistletoe_bough.pdf, page1 used on input l
ine 90.
(pdftex.def)             Requested size: 567.63348pt x 802.7902pt.
File: ./SongFiles/mistletoe_bough.pdf Graphic file (type pdf)

<use ./SongFiles/mistletoe_bough.pdf, page 1>
Package pdftex.def Info: ./SongFiles/mistletoe_bough.pdf, page1 used on input l
ine 90.
(pdftex.def)             Requested size: 567.63348pt x 802.7902pt.
File: ./SongFiles/mistletoe_bough.pdf Graphic file (type pdf)

<use ./SongFiles/mistletoe_bough.pdf, page 1>
Package pdftex.def Info: ./SongFiles/mistletoe_bough.pdf, page1 used on input l
ine 90.
(pdftex.def)             Requested size: 567.63348pt x 802.7902pt.
File: ./SongFiles/mistletoe_bough.pdf Graphic file (type pdf)

<use ./SongFiles/mistletoe_bough.pdf, page 1>
Package pdftex.def Info: ./SongFiles/mistletoe_bough.pdf, page1 used on input l
ine 90.
(pdftex.def)             Requested size: 567.63348pt x 802.7902pt.
 [33 <./SongFiles/mistletoe_bough.pdf>] <./SongFiles/mount_moriah.pdf, id=618, 
597.51233pt x 845.0471pt>
File: ./SongFiles/mount_moriah.pdf Graphic file (type pdf)

<use ./SongFiles/mount_moriah.pdf>
Package pdftex.def Info: ./SongFiles/mount_moriah.pdf used on input line 92.
(pdftex.def)             Requested size: 597.51086pt x 845.04504pt.
File: ./SongFiles/mount_moriah.pdf Graphic file (type pdf)
 <use ./SongFiles/mount_moriah.pdf>
Package pdftex.def Info: ./SongFiles/mount_moriah.pdf used on input line 92.
(pdftex.def)             Requested size: 597.51086pt x 845.04504pt.

<./SongFiles/mount_moriah.pdf, id=621, page=1, 597.51233pt x 845.0471pt>
File: ./SongFiles/mount_moriah.pdf Graphic file (type pdf)

<use ./SongFiles/mount_moriah.pdf, page 1>
Package pdftex.def Info: ./SongFiles/mount_moriah.pdf, page1 used on input line
 92.
(pdftex.def)             Requested size: 597.51086pt x 845.04504pt.
File: ./SongFiles/mount_moriah.pdf Graphic file (type pdf)

<use ./SongFiles/mount_moriah.pdf, page 1>
Package pdftex.def Info: ./SongFiles/mount_moriah.pdf, page1 used on input line
 92.
(pdftex.def)             Requested size: 567.63348pt x 802.7902pt.
File: ./SongFiles/mount_moriah.pdf Graphic file (type pdf)

<use ./SongFiles/mount_moriah.pdf, page 1>
Package pdftex.def Info: ./SongFiles/mount_moriah.pdf, page1 used on input line
 92.
(pdftex.def)             Requested size: 567.63348pt x 802.7902pt.
File: ./SongFiles/mount_moriah.pdf Graphic file (type pdf)

<use ./SongFiles/mount_moriah.pdf, page 1>
Package pdftex.def Info: ./SongFiles/mount_moriah.pdf, page1 used on input line
 92.
(pdftex.def)             Requested size: 567.63348pt x 802.7902pt.
File: ./SongFiles/mount_moriah.pdf Graphic file (type pdf)

<use ./SongFiles/mount_moriah.pdf, page 1>
Package pdftex.def Info: ./SongFiles/mount_moriah.pdf, page1 used on input line
 92.
(pdftex.def)             Requested size: 567.63348pt x 802.7902pt.
 [34 <./SongFiles/mount_moriah.pdf>]
<./SongFiles/mount_moriah.pdf, id=636, page=2, 597.51233pt x 845.0471pt>
File: ./SongFiles/mount_moriah.pdf Graphic file (type pdf)

<use ./SongFiles/mount_moriah.pdf, page 2>
Package pdftex.def Info: ./SongFiles/mount_moriah.pdf, page2 used on input line
 92.
(pdftex.def)             Requested size: 567.63348pt x 802.7902pt.
File: ./SongFiles/mount_moriah.pdf Graphic file (type pdf)

<use ./SongFiles/mount_moriah.pdf, page 2>
Package pdftex.def Info: ./SongFiles/mount_moriah.pdf, page2 used on input line
 92.
(pdftex.def)             Requested size: 567.63348pt x 802.7902pt.
File: ./SongFiles/mount_moriah.pdf Graphic file (type pdf)

<use ./SongFiles/mount_moriah.pdf, page 2>
Package pdftex.def Info: ./SongFiles/mount_moriah.pdf, page2 used on input line
 92.
(pdftex.def)             Requested size: 567.63348pt x 802.7902pt.
 [35 <./SongFiles/mount_moriah.pdf>]
<./SongFiles/mount_zion.pdf, id=641, 597.51233pt x 845.0471pt>
File: ./SongFiles/mount_zion.pdf Graphic file (type pdf)

<use ./SongFiles/mount_zion.pdf>
Package pdftex.def Info: ./SongFiles/mount_zion.pdf used on input line 94.
(pdftex.def)             Requested size: 597.51086pt x 845.04504pt.
File: ./SongFiles/mount_zion.pdf Graphic file (type pdf)
 <use ./SongFiles/mount_zion.pdf>
Package pdftex.def Info: ./SongFiles/mount_zion.pdf used on input line 94.
(pdftex.def)             Requested size: 597.51086pt x 845.04504pt.

<./SongFiles/mount_zion.pdf, id=644, page=1, 597.51233pt x 845.0471pt>
File: ./SongFiles/mount_zion.pdf Graphic file (type pdf)

<use ./SongFiles/mount_zion.pdf, page 1>
Package pdftex.def Info: ./SongFiles/mount_zion.pdf, page1 used on input line 9
4.
(pdftex.def)             Requested size: 597.51086pt x 845.04504pt.
File: ./SongFiles/mount_zion.pdf Graphic file (type pdf)

<use ./SongFiles/mount_zion.pdf, page 1>
Package pdftex.def Info: ./SongFiles/mount_zion.pdf, page1 used on input line 9
4.
(pdftex.def)             Requested size: 567.63348pt x 802.7902pt.
File: ./SongFiles/mount_zion.pdf Graphic file (type pdf)

<use ./SongFiles/mount_zion.pdf, page 1>
Package pdftex.def Info: ./SongFiles/mount_zion.pdf, page1 used on input line 9
4.
(pdftex.def)             Requested size: 567.63348pt x 802.7902pt.
File: ./SongFiles/mount_zion.pdf Graphic file (type pdf)

<use ./SongFiles/mount_zion.pdf, page 1>
Package pdftex.def Info: ./SongFiles/mount_zion.pdf, page1 used on input line 9
4.
(pdftex.def)             Requested size: 567.63348pt x 802.7902pt.
File: ./SongFiles/mount_zion.pdf Graphic file (type pdf)

<use ./SongFiles/mount_zion.pdf, page 1>
Package pdftex.def Info: ./SongFiles/mount_zion.pdf, page1 used on input line 9
4.
(pdftex.def)             Requested size: 567.63348pt x 802.7902pt.
 [36 <./SongFiles/mount_zion.pdf>]
<./SongFiles/old_foster.pdf, id=659, 597.51233pt x 845.0471pt>
File: ./SongFiles/old_foster.pdf Graphic file (type pdf)

<use ./SongFiles/old_foster.pdf>
Package pdftex.def Info: ./SongFiles/old_foster.pdf used on input line 96.
(pdftex.def)             Requested size: 597.51086pt x 845.04504pt.
File: ./SongFiles/old_foster.pdf Graphic file (type pdf)
 <use ./SongFiles/old_foster.pdf>
Package pdftex.def Info: ./SongFiles/old_foster.pdf used on input line 96.
(pdftex.def)             Requested size: 597.51086pt x 845.04504pt.

<./SongFiles/old_foster.pdf, id=662, page=1, 597.51233pt x 845.0471pt>
File: ./SongFiles/old_foster.pdf Graphic file (type pdf)

<use ./SongFiles/old_foster.pdf, page 1>
Package pdftex.def Info: ./SongFiles/old_foster.pdf, page1 used on input line 9
6.
(pdftex.def)             Requested size: 597.51086pt x 845.04504pt.
File: ./SongFiles/old_foster.pdf Graphic file (type pdf)

<use ./SongFiles/old_foster.pdf, page 1>
Package pdftex.def Info: ./SongFiles/old_foster.pdf, page1 used on input line 9
6.
(pdftex.def)             Requested size: 567.63348pt x 802.7902pt.
File: ./SongFiles/old_foster.pdf Graphic file (type pdf)

<use ./SongFiles/old_foster.pdf, page 1>
Package pdftex.def Info: ./SongFiles/old_foster.pdf, page1 used on input line 9
6.
(pdftex.def)             Requested size: 567.63348pt x 802.7902pt.
File: ./SongFiles/old_foster.pdf Graphic file (type pdf)

<use ./SongFiles/old_foster.pdf, page 1>
Package pdftex.def Info: ./SongFiles/old_foster.pdf, page1 used on input line 9
6.
(pdftex.def)             Requested size: 567.63348pt x 802.7902pt.
File: ./SongFiles/old_foster.pdf Graphic file (type pdf)

<use ./SongFiles/old_foster.pdf, page 1>
Package pdftex.def Info: ./SongFiles/old_foster.pdf, page1 used on input line 9
6.
(pdftex.def)             Requested size: 567.63348pt x 802.7902pt.
 [37 <./SongFiles/old_foster.pdf>]
<./SongFiles/peace_oer_the_world.pdf, id=678, 597.51233pt x 845.0471pt>
File: ./SongFiles/peace_oer_the_world.pdf Graphic file (type pdf)

<use ./SongFiles/peace_oer_the_world.pdf>
Package pdftex.def Info: ./SongFiles/peace_oer_the_world.pdf used on input line
 98.
(pdftex.def)             Requested size: 597.51086pt x 845.04504pt.
File: ./SongFiles/peace_oer_the_world.pdf Graphic file (type pdf)

<use ./SongFiles/peace_oer_the_world.pdf>
Package pdftex.def Info: ./SongFiles/peace_oer_the_world.pdf used on input line
 98.
(pdftex.def)             Requested size: 597.51086pt x 845.04504pt.

<./SongFiles/peace_oer_the_world.pdf, id=681, page=1, 597.51233pt x 845.0471pt>
File: ./SongFiles/peace_oer_the_world.pdf Graphic file (type pdf)
<use ./SongFiles/peace_oer_the_world.pdf, page 1>
Package pdftex.def Info: ./SongFiles/peace_oer_the_world.pdf, page1 used on inp
ut line 98.
(pdftex.def)             Requested size: 597.51086pt x 845.04504pt.
File: ./SongFiles/peace_oer_the_world.pdf Graphic file (type pdf)

<use ./SongFiles/peace_oer_the_world.pdf, page 1>
Package pdftex.def Info: ./SongFiles/peace_oer_the_world.pdf, page1 used on inp
ut line 98.
(pdftex.def)             Requested size: 567.63348pt x 802.7902pt.
File: ./SongFiles/peace_oer_the_world.pdf Graphic file (type pdf)

<use ./SongFiles/peace_oer_the_world.pdf, page 1>
Package pdftex.def Info: ./SongFiles/peace_oer_the_world.pdf, page1 used on inp
ut line 98.
(pdftex.def)             Requested size: 567.63348pt x 802.7902pt.
File: ./SongFiles/peace_oer_the_world.pdf Graphic file (type pdf)

<use ./SongFiles/peace_oer_the_world.pdf, page 1>
Package pdftex.def Info: ./SongFiles/peace_oer_the_world.pdf, page1 used on inp
ut line 98.
(pdftex.def)             Requested size: 567.63348pt x 802.7902pt.
File: ./SongFiles/peace_oer_the_world.pdf Graphic file (type pdf)

<use ./SongFiles/peace_oer_the_world.pdf, page 1>
Package pdftex.def Info: ./SongFiles/peace_oer_the_world.pdf, page1 used on inp
ut line 98.
(pdftex.def)             Requested size: 567.63348pt x 802.7902pt.
 [38 <./SongFiles/peace_oer_the_world.pdf>]
<./SongFiles/peace_oer_the_world.pdf, id=696, page=2, 597.51233pt x 845.0471pt>
File: ./SongFiles/peace_oer_the_world.pdf Graphic file (type pdf)
<use ./SongFiles/peace_oer_the_world.pdf, page 2>
Package pdftex.def Info: ./SongFiles/peace_oer_the_world.pdf, page2 used on inp
ut line 98.
(pdftex.def)             Requested size: 567.63348pt x 802.7902pt.
File: ./SongFiles/peace_oer_the_world.pdf Graphic file (type pdf)

<use ./SongFiles/peace_oer_the_world.pdf, page 2>
Package pdftex.def Info: ./SongFiles/peace_oer_the_world.pdf, page2 used on inp
ut line 98.
(pdftex.def)             Requested size: 567.63348pt x 802.7902pt.
File: ./SongFiles/peace_oer_the_world.pdf Graphic file (type pdf)

<use ./SongFiles/peace_oer_the_world.pdf, page 2>
Package pdftex.def Info: ./SongFiles/peace_oer_the_world.pdf, page2 used on inp
ut line 98.
(pdftex.def)             Requested size: 567.63348pt x 802.7902pt.
 [39 <./SongFiles/peace_oer_the_world.pdf>] <./SongFiles/pentonville.pdf, id=70
1, 597.51233pt x 845.0471pt>
File: ./SongFiles/pentonville.pdf Graphic file (type pdf)

<use ./SongFiles/pentonville.pdf>
Package pdftex.def Info: ./SongFiles/pentonville.pdf used on input line 100.
(pdftex.def)             Requested size: 597.51086pt x 845.04504pt.
File: ./SongFiles/pentonville.pdf Graphic file (type pdf)
 <use ./SongFiles/pentonville.pdf>
Package pdftex.def Info: ./SongFiles/pentonville.pdf used on input line 100.
(pdftex.def)             Requested size: 597.51086pt x 845.04504pt.

<./SongFiles/pentonville.pdf, id=704, page=1, 597.51233pt x 845.0471pt>
File: ./SongFiles/pentonville.pdf Graphic file (type pdf)

<use ./SongFiles/pentonville.pdf, page 1>
Package pdftex.def Info: ./SongFiles/pentonville.pdf, page1 used on input line 
100.
(pdftex.def)             Requested size: 597.51086pt x 845.04504pt.
File: ./SongFiles/pentonville.pdf Graphic file (type pdf)

<use ./SongFiles/pentonville.pdf, page 1>
Package pdftex.def Info: ./SongFiles/pentonville.pdf, page1 used on input line 
100.
(pdftex.def)             Requested size: 567.63348pt x 802.7902pt.
File: ./SongFiles/pentonville.pdf Graphic file (type pdf)

<use ./SongFiles/pentonville.pdf, page 1>
Package pdftex.def Info: ./SongFiles/pentonville.pdf, page1 used on input line 
100.
(pdftex.def)             Requested size: 567.63348pt x 802.7902pt.
File: ./SongFiles/pentonville.pdf Graphic file (type pdf)

<use ./SongFiles/pentonville.pdf, page 1>
Package pdftex.def Info: ./SongFiles/pentonville.pdf, page1 used on input line 
100.
(pdftex.def)             Requested size: 567.63348pt x 802.7902pt.
File: ./SongFiles/pentonville.pdf Graphic file (type pdf)

<use ./SongFiles/pentonville.pdf, page 1>
Package pdftex.def Info: ./SongFiles/pentonville.pdf, page1 used on input line 
100.
(pdftex.def)             Requested size: 567.63348pt x 802.7902pt.
 [40 <./SongFiles/pentonville.pdf>]
<./SongFiles/pentonville.pdf, id=719, page=2, 597.51233pt x 845.0471pt>
File: ./SongFiles/pentonville.pdf Graphic file (type pdf)

<use ./SongFiles/pentonville.pdf, page 2>
Package pdftex.def Info: ./SongFiles/pentonville.pdf, page2 used on input line 
100.
(pdftex.def)             Requested size: 567.63348pt x 802.7902pt.
File: ./SongFiles/pentonville.pdf Graphic file (type pdf)

<use ./SongFiles/pentonville.pdf, page 2>
Package pdftex.def Info: ./SongFiles/pentonville.pdf, page2 used on input line 
100.
(pdftex.def)             Requested size: 567.63348pt x 802.7902pt.
File: ./SongFiles/pentonville.pdf Graphic file (type pdf)

<use ./SongFiles/pentonville.pdf, page 2>
Package pdftex.def Info: ./SongFiles/pentonville.pdf, page2 used on input line 
100.
(pdftex.def)             Requested size: 567.63348pt x 802.7902pt.
 [41 <./SongFiles/pentonville.pdf>]
<./SongFiles/prodigal_son.pdf, id=724, 597.51233pt x 845.0471pt>
File: ./SongFiles/prodigal_son.pdf Graphic file (type pdf)

<use ./SongFiles/prodigal_son.pdf>
Package pdftex.def Info: ./SongFiles/prodigal_son.pdf used on input line 102.
(pdftex.def)             Requested size: 597.51086pt x 845.04504pt.
File: ./SongFiles/prodigal_son.pdf Graphic file (type pdf)
 <use ./SongFiles/prodigal_son.pdf>
Package pdftex.def Info: ./SongFiles/prodigal_son.pdf used on input line 102.
(pdftex.def)             Requested size: 597.51086pt x 845.04504pt.

<./SongFiles/prodigal_son.pdf, id=727, page=1, 597.51233pt x 845.0471pt>
File: ./SongFiles/prodigal_son.pdf Graphic file (type pdf)

<use ./SongFiles/prodigal_son.pdf, page 1>
Package pdftex.def Info: ./SongFiles/prodigal_son.pdf, page1 used on input line
 102.
(pdftex.def)             Requested size: 597.51086pt x 845.04504pt.
File: ./SongFiles/prodigal_son.pdf Graphic file (type pdf)

<use ./SongFiles/prodigal_son.pdf, page 1>
Package pdftex.def Info: ./SongFiles/prodigal_son.pdf, page1 used on input line
 102.
(pdftex.def)             Requested size: 567.63348pt x 802.7902pt.
File: ./SongFiles/prodigal_son.pdf Graphic file (type pdf)

<use ./SongFiles/prodigal_son.pdf, page 1>
Package pdftex.def Info: ./SongFiles/prodigal_son.pdf, page1 used on input line
 102.
(pdftex.def)             Requested size: 567.63348pt x 802.7902pt.
File: ./SongFiles/prodigal_son.pdf Graphic file (type pdf)

<use ./SongFiles/prodigal_son.pdf, page 1>
Package pdftex.def Info: ./SongFiles/prodigal_son.pdf, page1 used on input line
 102.
(pdftex.def)             Requested size: 567.63348pt x 802.7902pt.
File: ./SongFiles/prodigal_son.pdf Graphic file (type pdf)

<use ./SongFiles/prodigal_son.pdf, page 1>
Package pdftex.def Info: ./SongFiles/prodigal_son.pdf, page1 used on input line
 102.
(pdftex.def)             Requested size: 567.63348pt x 802.7902pt.
 [42 <./SongFiles/prodigal_son.pdf>]
<./SongFiles/prodigal_son.pdf, id=742, page=2, 597.51233pt x 845.0471pt>
File: ./SongFiles/prodigal_son.pdf Graphic file (type pdf)

<use ./SongFiles/prodigal_son.pdf, page 2>
Package pdftex.def Info: ./SongFiles/prodigal_son.pdf, page2 used on input line
 102.
(pdftex.def)             Requested size: 567.63348pt x 802.7902pt.
File: ./SongFiles/prodigal_son.pdf Graphic file (type pdf)

<use ./SongFiles/prodigal_son.pdf, page 2>
Package pdftex.def Info: ./SongFiles/prodigal_son.pdf, page2 used on input line
 102.
(pdftex.def)             Requested size: 567.63348pt x 802.7902pt.
File: ./SongFiles/prodigal_son.pdf Graphic file (type pdf)

<use ./SongFiles/prodigal_son.pdf, page 2>
Package pdftex.def Info: ./SongFiles/prodigal_son.pdf, page2 used on input line
 102.
(pdftex.def)             Requested size: 567.63348pt x 802.7902pt.
 [43 <./SongFiles/prodigal_son.pdf>]
<./SongFiles/rolling_downward.pdf, id=748, 597.51233pt x 845.0471pt>
File: ./SongFiles/rolling_downward.pdf Graphic file (type pdf)

<use ./SongFiles/rolling_downward.pdf>
Package pdftex.def Info: ./SongFiles/rolling_downward.pdf used on input line 10
4.
(pdftex.def)             Requested size: 597.51086pt x 845.04504pt.
File: ./SongFiles/rolling_downward.pdf Graphic file (type pdf)
 <use ./SongFiles/rolling_downward.pdf>
Package pdftex.def Info: ./SongFiles/rolling_downward.pdf used on input line 10
4.
(pdftex.def)             Requested size: 597.51086pt x 845.04504pt.

<./SongFiles/rolling_downward.pdf, id=751, page=1, 597.51233pt x 845.0471pt>
File: ./SongFiles/rolling_downward.pdf Graphic file (type pdf)

<use ./SongFiles/rolling_downward.pdf, page 1>
Package pdftex.def Info: ./SongFiles/rolling_downward.pdf, page1 used on input 
line 104.
(pdftex.def)             Requested size: 597.51086pt x 845.04504pt.
File: ./SongFiles/rolling_downward.pdf Graphic file (type pdf)

<use ./SongFiles/rolling_downward.pdf, page 1>
Package pdftex.def Info: ./SongFiles/rolling_downward.pdf, page1 used on input 
line 104.
(pdftex.def)             Requested size: 567.63348pt x 802.7902pt.
File: ./SongFiles/rolling_downward.pdf Graphic file (type pdf)

<use ./SongFiles/rolling_downward.pdf, page 1>
Package pdftex.def Info: ./SongFiles/rolling_downward.pdf, page1 used on input 
line 104.
(pdftex.def)             Requested size: 567.63348pt x 802.7902pt.
File: ./SongFiles/rolling_downward.pdf Graphic file (type pdf)

<use ./SongFiles/rolling_downward.pdf, page 1>
Package pdftex.def Info: ./SongFiles/rolling_downward.pdf, page1 used on input 
line 104.
(pdftex.def)             Requested size: 567.63348pt x 802.7902pt.
File: ./SongFiles/rolling_downward.pdf Graphic file (type pdf)

<use ./SongFiles/rolling_downward.pdf, page 1>
Package pdftex.def Info: ./SongFiles/rolling_downward.pdf, page1 used on input 
line 104.
(pdftex.def)             Requested size: 567.63348pt x 802.7902pt.
 [44 <./SongFiles/rolling_downward.pdf>]
<./SongFiles/rolling_downward.pdf, id=772, page=2, 597.51233pt x 845.0471pt>
File: ./SongFiles/rolling_downward.pdf Graphic file (type pdf)

<use ./SongFiles/rolling_downward.pdf, page 2>
Package pdftex.def Info: ./SongFiles/rolling_downward.pdf, page2 used on input 
line 104.
(pdftex.def)             Requested size: 567.63348pt x 802.7902pt.
File: ./SongFiles/rolling_downward.pdf Graphic file (type pdf)

<use ./SongFiles/rolling_downward.pdf, page 2>
Package pdftex.def Info: ./SongFiles/rolling_downward.pdf, page2 used on input 
line 104.
(pdftex.def)             Requested size: 567.63348pt x 802.7902pt.
File: ./SongFiles/rolling_downward.pdf Graphic file (type pdf)

<use ./SongFiles/rolling_downward.pdf, page 2>
Package pdftex.def Info: ./SongFiles/rolling_downward.pdf, page2 used on input 
line 104.
(pdftex.def)             Requested size: 567.63348pt x 802.7902pt.
 [45 <./SongFiles/rolling_downward.pdf>] <./SongFiles/shepherds_rejoice.pdf, id
=777, 597.51233pt x 845.0471pt>
File: ./SongFiles/shepherds_rejoice.pdf Graphic file (type pdf)

<use ./SongFiles/shepherds_rejoice.pdf>
Package pdftex.def Info: ./SongFiles/shepherds_rejoice.pdf used on input line 1
06.
(pdftex.def)             Requested size: 597.51086pt x 845.04504pt.
File: ./SongFiles/shepherds_rejoice.pdf Graphic file (type pdf)

<use ./SongFiles/shepherds_rejoice.pdf>
Package pdftex.def Info: ./SongFiles/shepherds_rejoice.pdf used on input line 1
06.
(pdftex.def)             Requested size: 597.51086pt x 845.04504pt.

<./SongFiles/shepherds_rejoice.pdf, id=780, page=1, 597.51233pt x 845.0471pt>
File: ./SongFiles/shepherds_rejoice.pdf Graphic file (type pdf)

<use ./SongFiles/shepherds_rejoice.pdf, page 1>
Package pdftex.def Info: ./SongFiles/shepherds_rejoice.pdf, page1 used on input
 line 106.
(pdftex.def)             Requested size: 597.51086pt x 845.04504pt.
File: ./SongFiles/shepherds_rejoice.pdf Graphic file (type pdf)

<use ./SongFiles/shepherds_rejoice.pdf, page 1>
Package pdftex.def Info: ./SongFiles/shepherds_rejoice.pdf, page1 used on input
 line 106.
(pdftex.def)             Requested size: 567.63348pt x 802.7902pt.
File: ./SongFiles/shepherds_rejoice.pdf Graphic file (type pdf)

<use ./SongFiles/shepherds_rejoice.pdf, page 1>
Package pdftex.def Info: ./SongFiles/shepherds_rejoice.pdf, page1 used on input
 line 106.
(pdftex.def)             Requested size: 567.63348pt x 802.7902pt.
File: ./SongFiles/shepherds_rejoice.pdf Graphic file (type pdf)

<use ./SongFiles/shepherds_rejoice.pdf, page 1>
Package pdftex.def Info: ./SongFiles/shepherds_rejoice.pdf, page1 used on input
 line 106.
(pdftex.def)             Requested size: 567.63348pt x 802.7902pt.
File: ./SongFiles/shepherds_rejoice.pdf Graphic file (type pdf)

<use ./SongFiles/shepherds_rejoice.pdf, page 1>
Package pdftex.def Info: ./SongFiles/shepherds_rejoice.pdf, page1 used on input
 line 106.
(pdftex.def)             Requested size: 567.63348pt x 802.7902pt.
 [46 <./SongFiles/shepherds_rejoice.pdf>] <./SongFiles/spout_cottage.pdf, id=79
5, 597.51233pt x 845.0471pt>
File: ./SongFiles/spout_cottage.pdf Graphic file (type pdf)

<use ./SongFiles/spout_cottage.pdf>
Package pdftex.def Info: ./SongFiles/spout_cottage.pdf used on input line 108.
(pdftex.def)             Requested size: 597.51086pt x 845.04504pt.
File: ./SongFiles/spout_cottage.pdf Graphic file (type pdf)
 <use ./SongFiles/spout_cottage.pdf>
Package pdftex.def Info: ./SongFiles/spout_cottage.pdf used on input line 108.
(pdftex.def)             Requested size: 597.51086pt x 845.04504pt.

<./SongFiles/spout_cottage.pdf, id=798, page=1, 597.51233pt x 845.0471pt>
File: ./SongFiles/spout_cottage.pdf Graphic file (type pdf)

<use ./SongFiles/spout_cottage.pdf, page 1>
Package pdftex.def Info: ./SongFiles/spout_cottage.pdf, page1 used on input lin
e 108.
(pdftex.def)             Requested size: 597.51086pt x 845.04504pt.
File: ./SongFiles/spout_cottage.pdf Graphic file (type pdf)

<use ./SongFiles/spout_cottage.pdf, page 1>
Package pdftex.def Info: ./SongFiles/spout_cottage.pdf, page1 used on input lin
e 108.
(pdftex.def)             Requested size: 567.63348pt x 802.7902pt.
File: ./SongFiles/spout_cottage.pdf Graphic file (type pdf)

<use ./SongFiles/spout_cottage.pdf, page 1>
Package pdftex.def Info: ./SongFiles/spout_cottage.pdf, page1 used on input lin
e 108.
(pdftex.def)             Requested size: 567.63348pt x 802.7902pt.
File: ./SongFiles/spout_cottage.pdf Graphic file (type pdf)

<use ./SongFiles/spout_cottage.pdf, page 1>
Package pdftex.def Info: ./SongFiles/spout_cottage.pdf, page1 used on input lin
e 108.
(pdftex.def)             Requested size: 567.63348pt x 802.7902pt.
File: ./SongFiles/spout_cottage.pdf Graphic file (type pdf)

<use ./SongFiles/spout_cottage.pdf, page 1>
Package pdftex.def Info: ./SongFiles/spout_cottage.pdf, page1 used on input lin
e 108.
(pdftex.def)             Requested size: 567.63348pt x 802.7902pt.
 [47 <./SongFiles/spout_cottage.pdf>] <./SongFiles/star_of_bethlehem.pdf, id=81
3, 597.51233pt x 845.0471pt>
File: ./SongFiles/star_of_bethlehem.pdf Graphic file (type pdf)

<use ./SongFiles/star_of_bethlehem.pdf>
Package pdftex.def Info: ./SongFiles/star_of_bethlehem.pdf used on input line 1
10.
(pdftex.def)             Requested size: 597.51086pt x 845.04504pt.
File: ./SongFiles/star_of_bethlehem.pdf Graphic file (type pdf)

<use ./SongFiles/star_of_bethlehem.pdf>
Package pdftex.def Info: ./SongFiles/star_of_bethlehem.pdf used on input line 1
10.
(pdftex.def)             Requested size: 597.51086pt x 845.04504pt.

<./SongFiles/star_of_bethlehem.pdf, id=816, page=1, 597.51233pt x 845.0471pt>
File: ./SongFiles/star_of_bethlehem.pdf Graphic file (type pdf)

<use ./SongFiles/star_of_bethlehem.pdf, page 1>
Package pdftex.def Info: ./SongFiles/star_of_bethlehem.pdf, page1 used on input
 line 110.
(pdftex.def)             Requested size: 597.51086pt x 845.04504pt.
File: ./SongFiles/star_of_bethlehem.pdf Graphic file (type pdf)

<use ./SongFiles/star_of_bethlehem.pdf, page 1>
Package pdftex.def Info: ./SongFiles/star_of_bethlehem.pdf, page1 used on input
 line 110.
(pdftex.def)             Requested size: 567.63348pt x 802.7902pt.
File: ./SongFiles/star_of_bethlehem.pdf Graphic file (type pdf)

<use ./SongFiles/star_of_bethlehem.pdf, page 1>
Package pdftex.def Info: ./SongFiles/star_of_bethlehem.pdf, page1 used on input
 line 110.
(pdftex.def)             Requested size: 567.63348pt x 802.7902pt.
File: ./SongFiles/star_of_bethlehem.pdf Graphic file (type pdf)

<use ./SongFiles/star_of_bethlehem.pdf, page 1>
Package pdftex.def Info: ./SongFiles/star_of_bethlehem.pdf, page1 used on input
 line 110.
(pdftex.def)             Requested size: 567.63348pt x 802.7902pt.
File: ./SongFiles/star_of_bethlehem.pdf Graphic file (type pdf)

<use ./SongFiles/star_of_bethlehem.pdf, page 1>
Package pdftex.def Info: ./SongFiles/star_of_bethlehem.pdf, page1 used on input
 line 110.
(pdftex.def)             Requested size: 567.63348pt x 802.7902pt.
 [48 <./SongFiles/star_of_bethlehem.pdf>]
<./SongFiles/star_of_bethlehem.pdf, id=831, page=2, 597.51233pt x 845.0471pt>
File: ./SongFiles/star_of_bethlehem.pdf Graphic file (type pdf)

<use ./SongFiles/star_of_bethlehem.pdf, page 2>
Package pdftex.def Info: ./SongFiles/star_of_bethlehem.pdf, page2 used on input
 line 110.
(pdftex.def)             Requested size: 567.63348pt x 802.7902pt.
File: ./SongFiles/star_of_bethlehem.pdf Graphic file (type pdf)

<use ./SongFiles/star_of_bethlehem.pdf, page 2>
Package pdftex.def Info: ./SongFiles/star_of_bethlehem.pdf, page2 used on input
 line 110.
(pdftex.def)             Requested size: 567.63348pt x 802.7902pt.
File: ./SongFiles/star_of_bethlehem.pdf Graphic file (type pdf)

<use ./SongFiles/star_of_bethlehem.pdf, page 2>
Package pdftex.def Info: ./SongFiles/star_of_bethlehem.pdf, page2 used on input
 line 110.
(pdftex.def)             Requested size: 567.63348pt x 802.7902pt.
 [49 <./SongFiles/star_of_bethlehem.pdf>]
<./SongFiles/sweet_chiming_bells.pdf, id=841, 597.51233pt x 845.0471pt>
File: ./SongFiles/sweet_chiming_bells.pdf Graphic file (type pdf)

<use ./SongFiles/sweet_chiming_bells.pdf>
Package pdftex.def Info: ./SongFiles/sweet_chiming_bells.pdf used on input line
 112.
(pdftex.def)             Requested size: 597.51086pt x 845.04504pt.
File: ./SongFiles/sweet_chiming_bells.pdf Graphic file (type pdf)

<use ./SongFiles/sweet_chiming_bells.pdf>
Package pdftex.def Info: ./SongFiles/sweet_chiming_bells.pdf used on input line
 112.
(pdftex.def)             Requested size: 597.51086pt x 845.04504pt.

<./SongFiles/sweet_chiming_bells.pdf, id=844, page=1, 597.51233pt x 845.0471pt>
File: ./SongFiles/sweet_chiming_bells.pdf Graphic file (type pdf)
<use ./SongFiles/sweet_chiming_bells.pdf, page 1>
Package pdftex.def Info: ./SongFiles/sweet_chiming_bells.pdf, page1 used on inp
ut line 112.
(pdftex.def)             Requested size: 597.51086pt x 845.04504pt.
File: ./SongFiles/sweet_chiming_bells.pdf Graphic file (type pdf)

<use ./SongFiles/sweet_chiming_bells.pdf, page 1>
Package pdftex.def Info: ./SongFiles/sweet_chiming_bells.pdf, page1 used on inp
ut line 112.
(pdftex.def)             Requested size: 567.63348pt x 802.7902pt.
File: ./SongFiles/sweet_chiming_bells.pdf Graphic file (type pdf)

<use ./SongFiles/sweet_chiming_bells.pdf, page 1>
Package pdftex.def Info: ./SongFiles/sweet_chiming_bells.pdf, page1 used on inp
ut line 112.
(pdftex.def)             Requested size: 567.63348pt x 802.7902pt.
File: ./SongFiles/sweet_chiming_bells.pdf Graphic file (type pdf)

<use ./SongFiles/sweet_chiming_bells.pdf, page 1>
Package pdftex.def Info: ./SongFiles/sweet_chiming_bells.pdf, page1 used on inp
ut line 112.
(pdftex.def)             Requested size: 567.63348pt x 802.7902pt.
File: ./SongFiles/sweet_chiming_bells.pdf Graphic file (type pdf)

<use ./SongFiles/sweet_chiming_bells.pdf, page 1>
Package pdftex.def Info: ./SongFiles/sweet_chiming_bells.pdf, page1 used on inp
ut line 112.
(pdftex.def)             Requested size: 567.63348pt x 802.7902pt.
 [50 <./SongFiles/sweet_chiming_bells.pdf>]
<./SongFiles/sweet_chiming_bells.pdf, id=861, page=2, 597.51233pt x 845.0471pt>
File: ./SongFiles/sweet_chiming_bells.pdf Graphic file (type pdf)
<use ./SongFiles/sweet_chiming_bells.pdf, page 2>
Package pdftex.def Info: ./SongFiles/sweet_chiming_bells.pdf, page2 used on inp
ut line 112.
(pdftex.def)             Requested size: 567.63348pt x 802.7902pt.
File: ./SongFiles/sweet_chiming_bells.pdf Graphic file (type pdf)

<use ./SongFiles/sweet_chiming_bells.pdf, page 2>
Package pdftex.def Info: ./SongFiles/sweet_chiming_bells.pdf, page2 used on inp
ut line 112.
(pdftex.def)             Requested size: 567.63348pt x 802.7902pt.
File: ./SongFiles/sweet_chiming_bells.pdf Graphic file (type pdf)

<use ./SongFiles/sweet_chiming_bells.pdf, page 2>
Package pdftex.def Info: ./SongFiles/sweet_chiming_bells.pdf, page2 used on inp
ut line 112.
(pdftex.def)             Requested size: 567.63348pt x 802.7902pt.
 [51 <./SongFiles/sweet_chiming_bells.pdf>] <./SongFiles/tinwood.pdf, id=866, 5
97.51233pt x 845.0471pt>
File: ./SongFiles/tinwood.pdf Graphic file (type pdf)

<use ./SongFiles/tinwood.pdf>
Package pdftex.def Info: ./SongFiles/tinwood.pdf used on input line 114.
(pdftex.def)             Requested size: 597.51086pt x 845.04504pt.
File: ./SongFiles/tinwood.pdf Graphic file (type pdf)
 <use ./SongFiles/tinwood.pdf>
Package pdftex.def Info: ./SongFiles/tinwood.pdf used on input line 114.
(pdftex.def)             Requested size: 597.51086pt x 845.04504pt.

<./SongFiles/tinwood.pdf, id=869, page=1, 597.51233pt x 845.0471pt>
File: ./SongFiles/tinwood.pdf Graphic file (type pdf)

<use ./SongFiles/tinwood.pdf, page 1>
Package pdftex.def Info: ./SongFiles/tinwood.pdf, page1 used on input line 114.

(pdftex.def)             Requested size: 597.51086pt x 845.04504pt.
File: ./SongFiles/tinwood.pdf Graphic file (type pdf)
 <use ./SongFiles/tinwood.pdf, page 1>
Package pdftex.def Info: ./SongFiles/tinwood.pdf, page1 used on input line 114.

(pdftex.def)             Requested size: 567.63348pt x 802.7902pt.
File: ./SongFiles/tinwood.pdf Graphic file (type pdf)

<use ./SongFiles/tinwood.pdf, page 1>
Package pdftex.def Info: ./SongFiles/tinwood.pdf, page1 used on input line 114.

(pdftex.def)             Requested size: 567.63348pt x 802.7902pt.
File: ./SongFiles/tinwood.pdf Graphic file (type pdf)
 <use ./SongFiles/tinwood.pdf, page 1>
Package pdftex.def Info: ./SongFiles/tinwood.pdf, page1 used on input line 114.

(pdftex.def)             Requested size: 567.63348pt x 802.7902pt.
File: ./SongFiles/tinwood.pdf Graphic file (type pdf)

<use ./SongFiles/tinwood.pdf, page 1>
Package pdftex.def Info: ./SongFiles/tinwood.pdf, page1 used on input line 114.

(pdftex.def)             Requested size: 567.63348pt x 802.7902pt.
 [52 <./SongFiles/tinwood.pdf>]
Package atveryend Info: Empty hook `BeforeClearDocument' on input line 117.
Package atveryend Info: Empty hook `AfterLastShipout' on input line 117.

("Sheffield Songbook.aux")
Package atveryend Info: Executing hook `AtVeryEndDocument' on input line 117.
Package atveryend Info: Executing hook `AtEndAfterFileList' on input line 117.
Package rerunfilecheck Info: File `"Sheffield Songbook".out' has not changed.
(rerunfilecheck)             Checksum: 42ED9698D39999BDFA82BD01A6697FEB;1640.
Package atveryend Info: Empty hook `AtVeryVeryEnd' on input line 117.
 ) 
Here is how much of TeX's memory you used:
 7799 strings out of 493333
 119913 string characters out of 3143096
 214565 words of memory out of 3000000
 11098 multiletter control sequences out of 15000+200000
 7756 words of font info for 28 fonts, out of 3000000 for 9000
 1141 hyphenation exceptions out of 8191
 42i,19n,49p,323b,461s stack positions out of 5000i,500n,10000p,200000b,50000s
<D:/Programs/MiKTeX/fonts/type1/public/amsfonts/cm/cmbx10.pfb><D:/Programs/Mi
KTeX/fonts/type1/public/amsfonts/cm/cmbx12.pfb><D:/Programs/MiKTeX/fonts/type1/
public/amsfonts/cm/cmr10.pfb><D:/Programs/MiKTeX/fonts/type1/public/amsfonts/cm
/cmr12.pfb><D:/Programs/MiKTeX/fonts/type1/public/amsfonts/cm/cmtt10.pfb><D:/Pr
ograms/MiKTeX/fonts/type1/urw/ncntrsbk/uncb8a.pfb><D:/Programs/MiKTeX/fonts/typ
e1/urw/ncntrsbk/uncr8a.pfb><D:/Programs/MiKTeX/fonts/type1/urw/ncntrsbk/uncri8a
.pfb>
Output written on "Sheffield Songbook.pdf" (52 pages, 3758641 bytes).
PDF statistics:
 926 PDF objects out of 1000 (max. 8388607)
 84 named destinations out of 1000 (max. 500000)
 979 words of extra memory for PDF output out of 10000 (max. 10000000)

