\BOOKMARK [1][-]{section*.1}{Awake and Arise}{}% 1
\BOOKMARK [1][-]{section*.2}{Awake, Arise, Good Christians!}{}% 2
\BOOKMARK [1][-]{section*.3}{Back Lane}{}% 3
\BOOKMARK [1][-]{section*.4}{The Christmas Tree}{}% 4
\BOOKMARK [1][-]{section*.5}{Curly Hark}{}% 5
\BOOKMARK [1][-]{section*.6}{Diadem}{}% 6
\BOOKMARK [1][-]{section*.7}{Egypt}{}% 7
\BOOKMARK [1][-]{section*.8}{Good News}{}% 8
\BOOKMARK [1][-]{section*.9}{Hark Hark, Hark Hark}{}% 9
\BOOKMARK [1][-]{section*.10}{Hail, Smiling Morn!}{}% 10
\BOOKMARK [1][-]{section*.11}{How Beautiful Upon The Mountains}{}% 11
\BOOKMARK [1][-]{section*.12}{Jacob's Well}{}% 12
\BOOKMARK [1][-]{section*.13}{Little Bilberry}{}% 13
\BOOKMARK [1][-]{section*.14}{Liverpool}{}% 14
\BOOKMARK [1][-]{section*.15}{Lloyd}{}% 15
\BOOKMARK [1][-]{section*.16}{Lo, the Eastern Magi Rise}{}% 16
\BOOKMARK [1][-]{section*.17}{Malin Bridge}{}% 17
\BOOKMARK [1][-]{section*.18}{Merry Christmas}{}% 18
\BOOKMARK [1][-]{section*.19}{The Mistletoe Bough}{}% 19
\BOOKMARK [1][-]{section*.20}{Mount Moriah}{}% 20
\BOOKMARK [1][-]{section*.21}{Mount Zion}{}% 21
\BOOKMARK [1][-]{section*.22}{Old Foster}{}% 22
\BOOKMARK [1][-]{section*.23}{Peace O'er the World}{}% 23
\BOOKMARK [1][-]{section*.24}{Pentonville}{}% 24
\BOOKMARK [1][-]{section*.25}{Prodigal Son}{}% 25
\BOOKMARK [1][-]{section*.26}{Rolling Downward}{}% 26
\BOOKMARK [1][-]{section*.27}{Shepherds Rejoice}{}% 27
\BOOKMARK [1][-]{section*.28}{Spout Cottage}{}% 28
\BOOKMARK [1][-]{section*.29}{Star of Bethlehem}{}% 29
\BOOKMARK [1][-]{section*.30}{Sweet Chiming Bells}{}% 30
\BOOKMARK [1][-]{section*.31}{Tinwood}{}% 31
