This is pdfTeX, Version 3.14159265-2.6-1.40.17 (MiKTeX 2.9.6210 64-bit) (preloaded format=pdflatex 2017.3.20)  19 OCT 2018 10:35
entering extended mode
**./KVFF_songs.tex
(KVFF_songs.tex
LaTeX2e <2017/01/01> patch level 1
Babel <3.9r> and hyphenation patterns for 75 language(s) loaded.
(D:\Programs\MiKTeX\tex\latex\base\article.cls
Document Class: article 2014/09/29 v1.4h Standard LaTeX document class
(D:\Programs\MiKTeX\tex\latex\base\size10.clo
File: size10.clo 2014/09/29 v1.4h Standard LaTeX file (size option)
)
\c@part=\count79
\c@section=\count80
\c@subsection=\count81
\c@subsubsection=\count82
\c@paragraph=\count83
\c@subparagraph=\count84
\c@figure=\count85
\c@table=\count86
\abovecaptionskip=\skip41
\belowcaptionskip=\skip42
\bibindent=\dimen102
)
(C:\Users\Thomas\AppData\Roaming\MiKTeX\2.9\tex\latex\fancyhdr\fancyhdr.sty
Package: fancyhdr 2016/09/06 3.8 Extensive control of page headers and footers
\fancy@headwidth=\skip43
\f@ncyO@elh=\skip44
\f@ncyO@erh=\skip45
\f@ncyO@olh=\skip46
\f@ncyO@orh=\skip47
\f@ncyO@elf=\skip48
\f@ncyO@erf=\skip49
\f@ncyO@olf=\skip50
\f@ncyO@orf=\skip51
)
(C:\Users\Thomas\AppData\Roaming\MiKTeX\2.9\tex\latex\pdfpages\pdfpages.sty
Package: pdfpages 2017/08/14 v0.5k Insert pages of external PDF documents (AM)

(D:\Programs\MiKTeX\tex\latex\base\ifthen.sty
Package: ifthen 2014/09/29 v1.1c Standard LaTeX ifthen package (DPC)
)
(D:\Programs\MiKTeX\tex\latex\tools\calc.sty
Package: calc 2014/10/28 v4.3 Infix arithmetic (KKT,FJ)
\calc@Acount=\count87
\calc@Bcount=\count88
\calc@Adimen=\dimen103
\calc@Bdimen=\dimen104
\calc@Askip=\skip52
\calc@Bskip=\skip53
LaTeX Info: Redefining \setlength on input line 80.
LaTeX Info: Redefining \addtolength on input line 81.
\calc@Ccount=\count89
\calc@Cskip=\skip54
)
(C:\Users\Thomas\AppData\Roaming\MiKTeX\2.9\tex\latex\eso-pic\eso-pic.sty
Package: eso-pic 2015/07/21 v2.0g eso-pic (RN)

(D:\Programs\MiKTeX\tex\generic\oberdiek\atbegshi.sty
Package: atbegshi 2016/06/09 v1.18 At begin shipout hook (HO)

(D:\Programs\MiKTeX\tex\generic\oberdiek\infwarerr.sty
Package: infwarerr 2016/05/16 v1.4 Providing info/warning/error messages (HO)
)
(D:\Programs\MiKTeX\tex\generic\oberdiek\ltxcmds.sty
Package: ltxcmds 2016/05/16 v1.23 LaTeX kernel commands for general use (HO)
)
(D:\Programs\MiKTeX\tex\generic\oberdiek\ifpdf.sty
Package: ifpdf 2016/05/14 v3.1 Provides the ifpdf switch
))
(D:\Programs\MiKTeX\tex\latex\graphics\keyval.sty
Package: keyval 2014/10/28 v1.15 key=value parser (DPC)
\KV@toks@=\toks14
)
(C:\Users\Thomas\AppData\Roaming\MiKTeX\2.9\tex\latex\xcolor\xcolor.sty
Package: xcolor 2016/05/11 v2.12 LaTeX color extensions (UK)

(D:\Programs\MiKTeX\tex\latex\graphics-cfg\color.cfg
File: color.cfg 2016/01/02 v1.6 sample color configuration
)
Package xcolor Info: Driver file: pdftex.def on input line 225.

(D:\Programs\MiKTeX\tex\latex\graphics-def\pdftex.def
File: pdftex.def 2017/01/12 v0.06k Graphics/color for pdfTeX
\Gread@gobject=\count90
)
Package xcolor Info: Model `cmy' substituted by `cmy0' on input line 1348.
Package xcolor Info: Model `hsb' substituted by `rgb' on input line 1352.
Package xcolor Info: Model `RGB' extended on input line 1364.
Package xcolor Info: Model `HTML' substituted by `rgb' on input line 1366.
Package xcolor Info: Model `Hsb' substituted by `hsb' on input line 1367.
Package xcolor Info: Model `tHsb' substituted by `hsb' on input line 1368.
Package xcolor Info: Model `HSB' substituted by `hsb' on input line 1369.
Package xcolor Info: Model `Gray' substituted by `gray' on input line 1370.
Package xcolor Info: Model `wave' substituted by `hsb' on input line 1371.
))
(D:\Programs\MiKTeX\tex\latex\graphics\graphicx.sty
Package: graphicx 2014/10/28 v1.0g Enhanced LaTeX Graphics (DPC,SPQR)

(D:\Programs\MiKTeX\tex\latex\graphics\graphics.sty
Package: graphics 2016/10/09 v1.0u Standard LaTeX Graphics (DPC,SPQR)

(D:\Programs\MiKTeX\tex\latex\graphics\trig.sty
Package: trig 2016/01/03 v1.10 sin cos tan (DPC)
)
(D:\Programs\MiKTeX\tex\latex\graphics-cfg\graphics.cfg
File: graphics.cfg 2016/06/04 v1.11 sample graphics configuration
)
Package graphics Info: Driver file: pdftex.def on input line 99.
)
\Gin@req@height=\dimen105
\Gin@req@width=\dimen106
)
\AM@pagewidth=\dimen107
\AM@pageheight=\dimen108

(C:\Users\Thomas\AppData\Roaming\MiKTeX\2.9\tex\latex\pdfpages\pppdftex.def
File: pppdftex.def 2017/08/14 v0.5k Pdfpages driver for pdfTeX (AM)
)
\AM@pagebox=\box26
\AM@global@opts=\toks15
\AM@toc@title=\toks16
\c@AM@survey=\count91
\AM@templatesizebox=\box27
)
(D:\Programs\MiKTeX\tex\latex\geometry\geometry.sty
Package: geometry 2010/09/12 v5.6 Page Geometry

(D:\Programs\MiKTeX\tex\generic\oberdiek\ifvtex.sty
Package: ifvtex 2016/05/16 v1.6 Detect VTeX and its facilities (HO)
Package ifvtex Info: VTeX not detected.
)
(D:\Programs\MiKTeX\tex\generic\ifxetex\ifxetex.sty
Package: ifxetex 2010/09/12 v0.6 Provides ifxetex conditional
)
\Gm@cnth=\count92
\Gm@cntv=\count93
\c@Gm@tempcnt=\count94
\Gm@bindingoffset=\dimen109
\Gm@wd@mp=\dimen110
\Gm@odd@mp=\dimen111
\Gm@even@mp=\dimen112
\Gm@layoutwidth=\dimen113
\Gm@layoutheight=\dimen114
\Gm@layouthoffset=\dimen115
\Gm@layoutvoffset=\dimen116
\Gm@dimlist=\toks17

(D:\Programs\MiKTeX\tex\latex\geometry\geometry.cfg))
(D:\Programs\MiKTeX\tex\latex\tools\multicol.sty
Package: multicol 2016/04/07 v1.8p multicolumn formatting (FMi)
\c@tracingmulticols=\count95
\mult@box=\box28
\multicol@leftmargin=\dimen117
\c@unbalance=\count96
\c@collectmore=\count97
\doublecol@number=\count98
\multicoltolerance=\count99
\multicolpretolerance=\count100
\full@width=\dimen118
\page@free=\dimen119
\premulticols=\dimen120
\postmulticols=\dimen121
\multicolsep=\skip55
\multicolbaselineskip=\skip56
\partial@page=\box29
\last@line=\box30
\maxbalancingoverflow=\dimen122
\mult@rightbox=\box31
\mult@grightbox=\box32
\mult@gfirstbox=\box33
\mult@firstbox=\box34
\@tempa=\box35
\@tempa=\box36
\@tempa=\box37
\@tempa=\box38
\@tempa=\box39
\@tempa=\box40
\@tempa=\box41
\@tempa=\box42
\@tempa=\box43
\@tempa=\box44
\@tempa=\box45
\@tempa=\box46
\@tempa=\box47
\@tempa=\box48
\@tempa=\box49
\@tempa=\box50
\@tempa=\box51
\c@columnbadness=\count101
\c@finalcolumnbadness=\count102
\last@try=\dimen123
\multicolovershoot=\dimen124
\multicolundershoot=\dimen125
\mult@nat@firstbox=\box52
\colbreak@box=\box53
\mc@col@check@num=\count103
)
(C:\Users\Thomas\AppData\Roaming\MiKTeX\2.9\tex\latex\verse\verse.sty
Package: verse 2009/09/04 v2.4a verse typesetting
\c@vslineno=\count104
\c@poemline=\count105
\c@fvsline=\count106
\c@modulo@vs=\count107
\c@verse@envctr=\count108
\versewidth=\skip57
\vgap=\skip58
\vindent=\skip59
\stanzaskip=\skip60
\vleftskip=\skip61
\vrightskip=\skip62
\c@chrsinstr=\count109
\beforepoemtitleskip=\skip63
\afterpoemtitleskip=\skip64
)
(C:\Users\Thomas\AppData\Roaming\MiKTeX\2.9\tex\latex\setspace\setspace.sty
Package: setspace 2011/12/19 v6.7a set line spacing
)
(C:\Users\Thomas\AppData\Roaming\MiKTeX\2.9\tex\latex\tocloft\tocloft.sty
Package: tocloft 2017/08/31 v2.3i parameterised ToC, etc., typesetting
Package tocloft Info: The document has section divisions on input line 51.
\cftparskip=\skip65
\cftbeforetoctitleskip=\skip66
\cftaftertoctitleskip=\skip67
\cftbeforepartskip=\skip68
\cftpartnumwidth=\skip69
\cftpartindent=\skip70
\cftbeforesecskip=\skip71
\cftsecindent=\skip72
\cftsecnumwidth=\skip73
\cftbeforesubsecskip=\skip74
\cftsubsecindent=\skip75
\cftsubsecnumwidth=\skip76
\cftbeforesubsubsecskip=\skip77
\cftsubsubsecindent=\skip78
\cftsubsubsecnumwidth=\skip79
\cftbeforeparaskip=\skip80
\cftparaindent=\skip81
\cftparanumwidth=\skip82
\cftbeforesubparaskip=\skip83
\cftsubparaindent=\skip84
\cftsubparanumwidth=\skip85
\cftbeforeloftitleskip=\skip86
\cftafterloftitleskip=\skip87
\cftbeforefigskip=\skip88
\cftfigindent=\skip89
\cftfignumwidth=\skip90
\c@lofdepth=\count110
\c@lotdepth=\count111
\cftbeforelottitleskip=\skip91
\cftafterlottitleskip=\skip92
\cftbeforetabskip=\skip93
\cfttabindent=\skip94
\cfttabnumwidth=\skip95
)
(D:\Programs\MiKTeX\tex\latex\hyperref\hyperref.sty
Package: hyperref 2016/06/24 v6.83q Hypertext links for LaTeX

(D:\Programs\MiKTeX\tex\generic\oberdiek\hobsub-hyperref.sty
Package: hobsub-hyperref 2016/05/16 v1.14 Bundle oberdiek, subset hyperref (HO)


(D:\Programs\MiKTeX\tex\generic\oberdiek\hobsub-generic.sty
Package: hobsub-generic 2016/05/16 v1.14 Bundle oberdiek, subset generic (HO)
Package: hobsub 2016/05/16 v1.14 Construct package bundles (HO)
Package hobsub Info: Skipping package `infwarerr' (already loaded).
Package hobsub Info: Skipping package `ltxcmds' (already loaded).
Package: ifluatex 2016/05/16 v1.4 Provides the ifluatex switch (HO)
Package ifluatex Info: LuaTeX not detected.
Package hobsub Info: Skipping package `ifvtex' (already loaded).
Package: intcalc 2016/05/16 v1.2 Expandable calculations with integers (HO)
Package hobsub Info: Skipping package `ifpdf' (already loaded).
Package: etexcmds 2016/05/16 v1.6 Avoid name clashes with e-TeX commands (HO)
Package etexcmds Info: Could not find \expanded.
(etexcmds)             That can mean that you are not using pdfTeX 1.50 or
(etexcmds)             that some package has redefined \expanded.
(etexcmds)             In the latter case, load this package earlier.
Package: kvsetkeys 2016/05/16 v1.17 Key value parser (HO)
Package: kvdefinekeys 2016/05/16 v1.4 Define keys (HO)
Package: pdftexcmds 2016/05/21 v0.22 Utility functions of pdfTeX for LuaTeX (HO
)
Package pdftexcmds Info: LuaTeX not detected.
Package pdftexcmds Info: \pdf@primitive is available.
Package pdftexcmds Info: \pdf@ifprimitive is available.
Package pdftexcmds Info: \pdfdraftmode found.
Package: pdfescape 2016/05/16 v1.14 Implements pdfTeX's escape features (HO)
Package: bigintcalc 2016/05/16 v1.4 Expandable calculations on big integers (HO
)
Package: bitset 2016/05/16 v1.2 Handle bit-vector datatype (HO)
Package: uniquecounter 2016/05/16 v1.3 Provide unlimited unique counter (HO)
)
Package hobsub Info: Skipping package `hobsub' (already loaded).
Package: letltxmacro 2016/05/16 v1.5 Let assignment for LaTeX macros (HO)
Package: hopatch 2016/05/16 v1.3 Wrapper for package hooks (HO)
Package: xcolor-patch 2016/05/16 xcolor patch
Package: atveryend 2016/05/16 v1.9 Hooks at the very end of document (HO)
Package atveryend Info: \enddocument detected (standard20110627).
Package hobsub Info: Skipping package `atbegshi' (already loaded).
Package: refcount 2016/05/16 v3.5 Data extraction from label references (HO)
Package: hycolor 2016/05/16 v1.8 Color options for hyperref/bookmark (HO)
)
(D:\Programs\MiKTeX\tex\latex\oberdiek\auxhook.sty
Package: auxhook 2016/05/16 v1.4 Hooks for auxiliary files (HO)
)
(D:\Programs\MiKTeX\tex\latex\oberdiek\kvoptions.sty
Package: kvoptions 2016/05/16 v3.12 Key value format for package options (HO)
)
\@linkdim=\dimen126
\Hy@linkcounter=\count112
\Hy@pagecounter=\count113

(D:\Programs\MiKTeX\tex\latex\hyperref\pd1enc.def
File: pd1enc.def 2016/06/24 v6.83q Hyperref: PDFDocEncoding definition (HO)
)
\Hy@SavedSpaceFactor=\count114

(D:\Programs\MiKTeX\tex\latex\00miktex\hyperref.cfg
File: hyperref.cfg 2002/06/06 v1.2 hyperref configuration of TeXLive
)
Package hyperref Info: Hyper figures OFF on input line 4486.
Package hyperref Info: Link nesting OFF on input line 4491.
Package hyperref Info: Hyper index ON on input line 4494.
Package hyperref Info: Plain pages OFF on input line 4501.
Package hyperref Info: Backreferencing OFF on input line 4506.
Package hyperref Info: Implicit mode ON; LaTeX internals redefined.
Package hyperref Info: Bookmarks ON on input line 4735.
\c@Hy@tempcnt=\count115

(C:\Users\Thomas\AppData\Roaming\MiKTeX\2.9\tex\latex\url\url.sty
\Urlmuskip=\muskip10
Package: url 2013/09/16  ver 3.4  Verb mode for urls, etc.
)
LaTeX Info: Redefining \url on input line 5088.
\XeTeXLinkMargin=\dimen127
\Fld@menulength=\count116
\Field@Width=\dimen128
\Fld@charsize=\dimen129
Package hyperref Info: Hyper figures OFF on input line 6342.
Package hyperref Info: Link nesting OFF on input line 6347.
Package hyperref Info: Hyper index ON on input line 6350.
Package hyperref Info: backreferencing OFF on input line 6357.
Package hyperref Info: Link coloring OFF on input line 6362.
Package hyperref Info: Link coloring with OCG OFF on input line 6367.
Package hyperref Info: PDF/A mode OFF on input line 6372.
LaTeX Info: Redefining \ref on input line 6412.
LaTeX Info: Redefining \pageref on input line 6416.
\Hy@abspage=\count117
\c@Item=\count118
\c@Hfootnote=\count119
)

Package hyperref Message: Driver (autodetected): hpdftex.

(D:\Programs\MiKTeX\tex\latex\hyperref\hpdftex.def
File: hpdftex.def 2016/06/24 v6.83q Hyperref driver for pdfTeX
\Fld@listcount=\count120
\c@bookmark@seq@number=\count121

(D:\Programs\MiKTeX\tex\latex\oberdiek\rerunfilecheck.sty
Package: rerunfilecheck 2016/05/16 v1.8 Rerun checks for auxiliary files (HO)
Package uniquecounter Info: New unique counter `rerunfilecheck' on input line 2
82.
)
\Hy@SectionHShift=\skip96
)
("D:\Dropbox (Personal)\Sydney Village Carols\Songbook Files\Songbook - Working
\build\KVFF_songs.aux")
\openout1 = `KVFF_songs.aux'.

LaTeX Font Info:    Checking defaults for OML/cmm/m/it on input line 18.
LaTeX Font Info:    ... okay on input line 18.
LaTeX Font Info:    Checking defaults for T1/cmr/m/n on input line 18.
LaTeX Font Info:    ... okay on input line 18.
LaTeX Font Info:    Checking defaults for OT1/cmr/m/n on input line 18.
LaTeX Font Info:    ... okay on input line 18.
LaTeX Font Info:    Checking defaults for OMS/cmsy/m/n on input line 18.
LaTeX Font Info:    ... okay on input line 18.
LaTeX Font Info:    Checking defaults for OMX/cmex/m/n on input line 18.
LaTeX Font Info:    ... okay on input line 18.
LaTeX Font Info:    Checking defaults for U/cmr/m/n on input line 18.
LaTeX Font Info:    ... okay on input line 18.
LaTeX Font Info:    Checking defaults for PD1/pdf/m/n on input line 18.
LaTeX Font Info:    ... okay on input line 18.
\AtBeginShipoutBox=\box54

(C:\Users\Thomas\AppData\Roaming\MiKTeX\2.9\tex\context\base\supp-pdf.mkii
[Loading MPS to PDF converter (version 2006.09.02).]
\scratchcounter=\count122
\scratchdimen=\dimen130
\scratchbox=\box55
\nofMPsegments=\count123
\nofMParguments=\count124
\everyMPshowfont=\toks18
\MPscratchCnt=\count125
\MPscratchDim=\dimen131
\MPnumerator=\count126
\makeMPintoPDFobject=\count127
\everyMPtoPDFconversion=\toks19
) (D:\Programs\MiKTeX\tex\latex\oberdiek\epstopdf-base.sty
Package: epstopdf-base 2016/05/15 v2.6 Base part for package epstopdf

(D:\Programs\MiKTeX\tex\latex\oberdiek\grfext.sty
Package: grfext 2016/05/16 v1.2 Manage graphics extensions (HO)
)
Package epstopdf-base Info: Redefining graphics rule for `.eps' on input line 4
38.
Package grfext Info: Graphics extension search list:
(grfext)             [.png,.pdf,.jpg,.mps,.jpeg,.jbig2,.jb2,.PNG,.PDF,.JPG,.JPE
G,.JBIG2,.JB2,.eps]
(grfext)             \AppendGraphicsExtensions on input line 456.
)
(D:\Programs\MiKTeX\tex\latex\oberdiek\pdflscape.sty
Package: pdflscape 2016/05/14 v0.11 Display of landscape pages in PDF (HO)

(D:\Programs\MiKTeX\tex\latex\graphics\lscape.sty
Package: lscape 2000/10/22 v3.01 Landscape Pages (DPC)
)
Package pdflscape Info: Auto-detected driver: pdftex on input line 81.
)
*geometry* driver: auto-detecting
*geometry* detected driver: pdftex
*geometry* verbose mode - [ preamble ] result:
* driver: pdftex
* paper: a4paper
* layout: <same size as paper>
* layoutoffset:(h,v)=(0.0pt,0.0pt)
* modes: 
* h-part:(L,W,R)=(71.13188pt, 455.24411pt, 71.13188pt)
* v-part:(T,H,B)=(56.9055pt, 702.78308pt, 85.35826pt)
* \paperwidth=597.50787pt
* \paperheight=845.04684pt
* \textwidth=455.24411pt
* \textheight=702.78308pt
* \oddsidemargin=-1.1381pt
* \evensidemargin=-1.1381pt
* \topmargin=-52.36449pt
* \headheight=12.0pt
* \headsep=25.0pt
* \topskip=10.0pt
* \footskip=56.9055pt
* \marginparwidth=57.0pt
* \marginparsep=11.0pt
* \columnsep=10.0pt
* \skip\footins=9.0pt plus 4.0pt minus 2.0pt
* \hoffset=0.0pt
* \voffset=0.0pt
* \mag=1000
* \@twocolumnfalse
* \@twosidefalse
* \@mparswitchfalse
* \@reversemarginfalse
* (1in=72.27pt=25.4mm, 1cm=28.453pt)

Package hyperref Info: Link coloring OFF on input line 18.
(D:\Programs\MiKTeX\tex\latex\hyperref\nameref.sty
Package: nameref 2016/05/21 v2.44 Cross-referencing by name of section

(D:\Programs\MiKTeX\tex\generic\oberdiek\gettitlestring.sty
Package: gettitlestring 2016/05/16 v1.5 Cleanup title references (HO)
)
\c@section@level=\count128
)
LaTeX Info: Redefining \ref on input line 18.
LaTeX Info: Redefining \pageref on input line 18.
LaTeX Info: Redefining \nameref on input line 18.

("D:\Dropbox (Personal)\Sydney Village Carols\Songbook Files\Songbook - Working
\build\KVFF_songs.out")
("D:\Dropbox (Personal)\Sydney Village Carols\Songbook Files\Songbook - Working
\build\KVFF_songs.out")
\@outlinefile=\write3
\openout3 = `KVFF_songs.out'.


<./SongFiles/back_lane.pdf, id=16, 597.51233pt x 845.0471pt>
File: ./SongFiles/back_lane.pdf Graphic file (type pdf)

<use ./SongFiles/back_lane.pdf>
Package pdftex.def Info: ./SongFiles/back_lane.pdf used on input line 31.
(pdftex.def)             Requested size: 597.51086pt x 845.04504pt.
File: ./SongFiles/back_lane.pdf Graphic file (type pdf)
 <use ./SongFiles/back_lane.pdf>
Package pdftex.def Info: ./SongFiles/back_lane.pdf used on input line 31.
(pdftex.def)             Requested size: 597.51086pt x 845.04504pt.

<./SongFiles/back_lane.pdf, id=19, page=1, 597.51233pt x 845.0471pt>
File: ./SongFiles/back_lane.pdf Graphic file (type pdf)

<use ./SongFiles/back_lane.pdf, page 1>
Package pdftex.def Info: ./SongFiles/back_lane.pdf, page1 used on input line 31
.
(pdftex.def)             Requested size: 597.51086pt x 845.04504pt.
File: ./SongFiles/back_lane.pdf Graphic file (type pdf)

<use ./SongFiles/back_lane.pdf, page 1>
Package pdftex.def Info: ./SongFiles/back_lane.pdf, page1 used on input line 31
.
(pdftex.def)             Requested size: 597.53821pt x 845.08372pt.
File: ./SongFiles/back_lane.pdf Graphic file (type pdf)

<use ./SongFiles/back_lane.pdf, page 1>
Package pdftex.def Info: ./SongFiles/back_lane.pdf, page1 used on input line 31
.
(pdftex.def)             Requested size: 597.53821pt x 845.08372pt.
File: ./SongFiles/back_lane.pdf Graphic file (type pdf)

<use ./SongFiles/back_lane.pdf, page 1>
Package pdftex.def Info: ./SongFiles/back_lane.pdf, page1 used on input line 31
.
(pdftex.def)             Requested size: 597.53821pt x 845.08372pt.
File: ./SongFiles/back_lane.pdf Graphic file (type pdf)

<use ./SongFiles/back_lane.pdf, page 1>
Package pdftex.def Info: ./SongFiles/back_lane.pdf, page1 used on input line 31
.
(pdftex.def)             Requested size: 597.53821pt x 845.08372pt.
 [1

{C:/Users/Thomas/AppData/Local/MiKTeX/2.9/pdftex/config/pdftex.map} <./SongFile
s/back_lane.pdf>]
<./SongFiles/back_lane.pdf, id=39, page=2, 597.51233pt x 845.0471pt>
File: ./SongFiles/back_lane.pdf Graphic file (type pdf)

<use ./SongFiles/back_lane.pdf, page 2>
Package pdftex.def Info: ./SongFiles/back_lane.pdf, page2 used on input line 31
.
(pdftex.def)             Requested size: 597.53821pt x 845.08372pt.
File: ./SongFiles/back_lane.pdf Graphic file (type pdf)

<use ./SongFiles/back_lane.pdf, page 2>
Package pdftex.def Info: ./SongFiles/back_lane.pdf, page2 used on input line 31
.
(pdftex.def)             Requested size: 597.53821pt x 845.08372pt.
File: ./SongFiles/back_lane.pdf Graphic file (type pdf)

<use ./SongFiles/back_lane.pdf, page 2>
Package pdftex.def Info: ./SongFiles/back_lane.pdf, page2 used on input line 31
.
(pdftex.def)             Requested size: 597.53821pt x 845.08372pt.
 [2 <./SongFiles/back_lane.pdf>]
<./SongFiles/jacobs_well.pdf, id=44, 597.51233pt x 845.0471pt>
File: ./SongFiles/jacobs_well.pdf Graphic file (type pdf)

<use ./SongFiles/jacobs_well.pdf>
Package pdftex.def Info: ./SongFiles/jacobs_well.pdf used on input line 35.
(pdftex.def)             Requested size: 597.51086pt x 845.04504pt.
File: ./SongFiles/jacobs_well.pdf Graphic file (type pdf)
 <use ./SongFiles/jacobs_well.pdf>
Package pdftex.def Info: ./SongFiles/jacobs_well.pdf used on input line 35.
(pdftex.def)             Requested size: 597.51086pt x 845.04504pt.

<./SongFiles/jacobs_well.pdf, id=47, page=1, 597.51233pt x 845.0471pt>
File: ./SongFiles/jacobs_well.pdf Graphic file (type pdf)

<use ./SongFiles/jacobs_well.pdf, page 1>
Package pdftex.def Info: ./SongFiles/jacobs_well.pdf, page1 used on input line 
35.
(pdftex.def)             Requested size: 597.51086pt x 845.04504pt.
File: ./SongFiles/jacobs_well.pdf Graphic file (type pdf)

<use ./SongFiles/jacobs_well.pdf, page 1>
Package pdftex.def Info: ./SongFiles/jacobs_well.pdf, page1 used on input line 
35.
(pdftex.def)             Requested size: 597.53821pt x 845.08372pt.
File: ./SongFiles/jacobs_well.pdf Graphic file (type pdf)

<use ./SongFiles/jacobs_well.pdf, page 1>
Package pdftex.def Info: ./SongFiles/jacobs_well.pdf, page1 used on input line 
35.
(pdftex.def)             Requested size: 597.53821pt x 845.08372pt.
File: ./SongFiles/jacobs_well.pdf Graphic file (type pdf)

<use ./SongFiles/jacobs_well.pdf, page 1>
Package pdftex.def Info: ./SongFiles/jacobs_well.pdf, page1 used on input line 
35.
(pdftex.def)             Requested size: 597.53821pt x 845.08372pt.
File: ./SongFiles/jacobs_well.pdf Graphic file (type pdf)

<use ./SongFiles/jacobs_well.pdf, page 1>
Package pdftex.def Info: ./SongFiles/jacobs_well.pdf, page1 used on input line 
35.
(pdftex.def)             Requested size: 597.53821pt x 845.08372pt.
 [3 <./SongFiles/jacobs_well.pdf>]
<./SongFiles/old_foster.pdf, id=62, 597.51233pt x 845.0471pt>
File: ./SongFiles/old_foster.pdf Graphic file (type pdf)

<use ./SongFiles/old_foster.pdf>
Package pdftex.def Info: ./SongFiles/old_foster.pdf used on input line 38.
(pdftex.def)             Requested size: 597.51086pt x 845.04504pt.
File: ./SongFiles/old_foster.pdf Graphic file (type pdf)
 <use ./SongFiles/old_foster.pdf>
Package pdftex.def Info: ./SongFiles/old_foster.pdf used on input line 38.
(pdftex.def)             Requested size: 597.51086pt x 845.04504pt.

<./SongFiles/old_foster.pdf, id=65, page=1, 597.51233pt x 845.0471pt>
File: ./SongFiles/old_foster.pdf Graphic file (type pdf)

<use ./SongFiles/old_foster.pdf, page 1>
Package pdftex.def Info: ./SongFiles/old_foster.pdf, page1 used on input line 3
8.
(pdftex.def)             Requested size: 597.51086pt x 845.04504pt.
File: ./SongFiles/old_foster.pdf Graphic file (type pdf)

<use ./SongFiles/old_foster.pdf, page 1>
Package pdftex.def Info: ./SongFiles/old_foster.pdf, page1 used on input line 3
8.
(pdftex.def)             Requested size: 597.53821pt x 845.08372pt.
File: ./SongFiles/old_foster.pdf Graphic file (type pdf)

<use ./SongFiles/old_foster.pdf, page 1>
Package pdftex.def Info: ./SongFiles/old_foster.pdf, page1 used on input line 3
8.
(pdftex.def)             Requested size: 597.53821pt x 845.08372pt.
File: ./SongFiles/old_foster.pdf Graphic file (type pdf)

<use ./SongFiles/old_foster.pdf, page 1>
Package pdftex.def Info: ./SongFiles/old_foster.pdf, page1 used on input line 3
8.
(pdftex.def)             Requested size: 597.53821pt x 845.08372pt.
File: ./SongFiles/old_foster.pdf Graphic file (type pdf)

<use ./SongFiles/old_foster.pdf, page 1>
Package pdftex.def Info: ./SongFiles/old_foster.pdf, page1 used on input line 3
8.
(pdftex.def)             Requested size: 597.53821pt x 845.08372pt.
 [4 <./SongFiles/old_foster.pdf>]
Package atveryend Info: Empty hook `BeforeClearDocument' on input line 45.
Package atveryend Info: Empty hook `AfterLastShipout' on input line 45.

("D:\Dropbox (Personal)\Sydney Village Carols\Songbook Files\Songbook - Working
\build\KVFF_songs.aux")
Package atveryend Info: Executing hook `AtVeryEndDocument' on input line 45.
Package atveryend Info: Executing hook `AtEndAfterFileList' on input line 45.


Package rerunfilecheck Warning: File `KVFF_songs.out' has changed.
(rerunfilecheck)                Rerun to get outlines right
(rerunfilecheck)                or use package `bookmark'.

Package rerunfilecheck Info: Checksums for `KVFF_songs.out':
(rerunfilecheck)             Before: 62D35C528F046315CB719BEF32B33841;181
(rerunfilecheck)             After:  AC15A3DFCA2FFF9CB8B81C59EE78F1D7;139.
Package atveryend Info: Empty hook `AtVeryVeryEnd' on input line 45.
 ) 
Here is how much of TeX's memory you used:
 7339 strings out of 493333
 108658 string characters out of 3143096
 208413 words of memory out of 3000000
 10790 multiletter control sequences out of 15000+200000
 3640 words of font info for 14 fonts, out of 3000000 for 9000
 1141 hyphenation exceptions out of 8191
 41i,18n,46p,317b,455s stack positions out of 5000i,500n,10000p,200000b,50000s
<D:/Programs/MiKTeX/fonts/type1/public/amsfonts/cm/cmr10.pfb><D:/Programs/MiK
TeX/fonts/type1/urw/ncntrsbk/uncb8a.pfb><D:/Programs/MiKTeX/fonts/type1/urw/ncn
trsbk/uncr8a.pfb>
Output written on "D:/Dropbox (Personal)/Sydney Village Carols/Songbook Files/S
ongbook - Working/build/KVFF_songs.pdf" (4 pages, 130337 bytes).
PDF statistics:
 89 PDF objects out of 1000 (max. 8388607)
 5 named destinations out of 1000 (max. 500000)
 98 words of extra memory for PDF output out of 10000 (max. 10000000)

