# -*-compilation-*-
Processing `D:/Dropbox (Personal)/Morris/folksong/OMR/Done/awake_arise_good_christians - mysetting.ly'
Parsing...
D:/Dropbox (Personal)/Morris/folksong/OMR/Done/awake_arise_good_christians - mysetting.ly:1: warning: no \version statement found, please add

\version "2.18.2"

for future compatibility
Interpreting music...[8]
D:/Dropbox (Personal)/Morris/folksong/OMR/Done/awake_arise_good_christians - mysetting.ly:30:14: warning: Barcheck failed got 9 expect 10
    f2. f4 | 
             \barNumberCheck #10
D:/Dropbox (Personal)/Morris/folksong/OMR/Done/awake_arise_good_christians - mysetting.ly:86:14: warning: Barcheck failed got 9 expect 10
    f2. c4 | 
             \barNumberCheck #10
D:/Dropbox (Personal)/Morris/folksong/OMR/Done/awake_arise_good_christians - mysetting.ly:125:14: warning: Barcheck failed got 9 expect 10
    a2. a4 | 
             \barNumberCheck #10
D:/Dropbox (Personal)/Morris/folksong/OMR/Done/awake_arise_good_christians - mysetting.ly:165:14: warning: Barcheck failed got 9 expect 10
    f2. f4 | 
             \barNumberCheck #10
[16]
D:/Dropbox (Personal)/Morris/folksong/OMR/Done/awake_arise_good_christians - mysetting.ly:40:27: warning: Barcheck failed got 18 expect 20
    c2 c4 d8 ( [ c8 ) ] | 
                          \barNumberCheck #20
D:/Dropbox (Personal)/Morris/folksong/OMR/Done/awake_arise_good_christians - mysetting.ly:97:16: warning: Barcheck failed got 18 expect 20
    f2 f4 f4 | 
               \barNumberCheck #20
D:/Dropbox (Personal)/Morris/folksong/OMR/Done/awake_arise_good_christians - mysetting.ly:136:18: warning: Barcheck failed got 18 expect 20
    a2 a4 bes4 | 
                 \barNumberCheck #20
D:/Dropbox (Personal)/Morris/folksong/OMR/Done/awake_arise_good_christians - mysetting.ly:176:16: warning: Barcheck failed got 18 expect 20
    f2 f4 f4 | 
               \barNumberCheck #20
[24]
Preprocessing graphical objects...
Finding the ideal number of pages...
Fitting music on 1 or 2 pages...
Drawing systems...
Layout output to `/Dropbox (Personal)/Morris/folksong/OMR/Done/awake_arise_good_christians - mysetting.ps'...
Converting to `/Dropbox (Personal)/Morris/folksong/OMR/Done/awake_arise_good_christians - mysetting.pdf'...
Success: compilation successfully completed
