# -*-compilation-*-
Processing `C:/Users/macdo/Dropbox/Sydney Village Carols/sydney-village-carols/Songbook - Working/SongFiles/awake_and_arise.ly'
Parsing...
C:/Users/macdo/Dropbox/Sydney Village Carols/sydney-village-carols/Songbook - Working/SongFiles/awake_and_arise.ly:1: warning: no \version statement found, please add

\version "2.22.2"

for future compatibility
Interpreting music...
C:/Users/macdo/Dropbox/Sydney Village Carols/sydney-village-carols/Songbook - Working/SongFiles/awake_and_arise.ly:168:19: warning: stem does not fit in beam
    e8. ( [ fis16 
                  gis4 ] ) e4 | \barNumberCheck #10
C:/Users/macdo/Dropbox/Sydney Village Carols/sydney-village-carols/Songbook - Working/SongFiles/awake_and_arise.ly:168:11: warning: beam was started here
    e8. ( 
          [ fis16 gis4 ] ) e4 | \barNumberCheck #10
C:/Users/macdo/Dropbox/Sydney Village Carols/sydney-village-carols/Songbook - Working/SongFiles/awake_and_arise.ly:30:13: warning: Bar number is 7; expected 10
    b2 e4 | 
            \barNumberCheck #10
C:/Users/macdo/Dropbox/Sydney Village Carols/sydney-village-carols/Songbook - Working/SongFiles/awake_and_arise.ly:97:13: warning: Bar number is 7; expected 10
    e2 e4 | 
            \barNumberCheck #10
C:/Users/macdo/Dropbox/Sydney Village Carols/sydney-village-carols/Songbook - Working/SongFiles/awake_and_arise.ly:135:31: warning: Bar number is 7; expected 10
    b8. ( [ a16 ] gis4 ) b4 | 
                              \barNumberCheck #10
C:/Users/macdo/Dropbox/Sydney Village Carols/sydney-village-carols/Songbook - Working/SongFiles/awake_and_arise.ly:168:33: warning: Bar number is 7; expected 10
    e8. ( [ fis16 gis4 ] ) e4 | 
                                \barNumberCheck #10
[8]
C:/Users/macdo/Dropbox/Sydney Village Carols/sydney-village-carols/Songbook - Working/SongFiles/awake_and_arise.ly:40:15: warning: Bar number is 15; expected 20
    r2 cis4 | 
              \barNumberCheck #20
C:/Users/macdo/Dropbox/Sydney Village Carols/sydney-village-carols/Songbook - Working/SongFiles/awake_and_arise.ly:105:13: warning: Bar number is 15; expected 20
    r2 e4 | 
            \barNumberCheck #20
C:/Users/macdo/Dropbox/Sydney Village Carols/sydney-village-carols/Songbook - Working/SongFiles/awake_and_arise.ly:145:14: warning: Bar number is 15; expected 20
    r2 a'4 | 
             \barNumberCheck #20
C:/Users/macdo/Dropbox/Sydney Village Carols/sydney-village-carols/Songbook - Working/SongFiles/awake_and_arise.ly:176:22: warning: Bar number is 15; expected 20
    d4 ( cis4 ) a4 | 
                     \barNumberCheck #20
[16][24][24]
Preprocessing graphical objects...
Finding the ideal number of pages...
Fitting music on 1 or 2 pages...
Drawing systems...
Converting to `/Users/macdo/Dropbox/Sydney Village Carols/sydney-village-carols/Songbook - Working/SongFiles/awake_and_arise.pdf'...
Success: compilation successfully completed
