# -*-compilation-*-
Processing `D:/Dropbox (Personal)/Sydney Village Carols/Songbook Files/Songbook - Working/SongFiles/good_news.ly'
Parsing...
D:/Dropbox (Personal)/Sydney Village Carols/Songbook Files/Songbook - Working/SongFiles/good_news.ly:1: warning: no \version statement found, please add

\version "2.18.2"

for future compatibility
Interpreting music...[8][16][24]
D:/Dropbox (Personal)/Sydney Village Carols/Songbook Files/Songbook - Working/SongFiles/good_news.ly:58:5: warning: trying to use \partial after the start of a piece
    
    \partial 4
D:/Dropbox (Personal)/Sydney Village Carols/Songbook Files/Songbook - Working/SongFiles/good_news.ly:141:9: warning: trying to use \partial after the start of a piece
	
        \partial 4
D:/Dropbox (Personal)/Sydney Village Carols/Songbook Files/Songbook - Working/SongFiles/good_news.ly:187:9: warning: trying to use \partial after the start of a piece
	
        \partial 4
D:/Dropbox (Personal)/Sydney Village Carols/Songbook Files/Songbook - Working/SongFiles/good_news.ly:246:9: warning: trying to use \partial after the start of a piece
	
        \partial 4
[32]
Preprocessing graphical objects...
Finding the ideal number of pages...
Fitting music on 1 or 2 pages...
Drawing systems...
Layout output to `/Dropbox (Personal)/Sydney Village Carols/Songbook Files/Songbook - Working/SongFiles/good_news.ps'...
Converting to `/Dropbox (Personal)/Sydney Village Carols/Songbook Files/Songbook - Working/SongFiles/good_news.pdf'...
Success: compilation successfully completed
