# -*-compilation-*-
Processing `D:/Dropbox (Personal)/Morris/folksong/OMR/pentonville.ly'
Parsing...
D:/Dropbox (Personal)/Morris/folksong/OMR/pentonville.ly:1: warning: no \version statement found, please add

\version "2.18.2"

for future compatibility
Interpreting music...[8]
D:/Dropbox (Personal)/Morris/folksong/OMR/pentonville.ly:37:10: warning: Barcheck failed got 9 expect 10
    g1 | 
         \barNumberCheck #10
D:/Dropbox (Personal)/Morris/folksong/OMR/pentonville.ly:101:10: warning: Barcheck failed got 9 expect 10
    d1 | 
         \barNumberCheck #10
D:/Dropbox (Personal)/Morris/folksong/OMR/pentonville.ly:177:10: warning: Barcheck failed got 9 expect 10
    b1 | 
         \barNumberCheck #10
D:/Dropbox (Personal)/Morris/folksong/OMR/pentonville.ly:218:15: warning: Barcheck failed got 9 expect 10
    <g g,>1 | 
              \barNumberCheck #10
[16]
D:/Dropbox (Personal)/Morris/folksong/OMR/pentonville.ly:48:31: warning: Barcheck failed got 19 expect 20
    g2 ( g8 [ fis8 g8 a8 ]  | 
                              \barNumberCheck #20
D:/Dropbox (Personal)/Morris/folksong/OMR/pentonville.ly:110:20: warning: Barcheck failed got 19 expect 20
    b4 b4 b4 b4  | 
                   \barNumberCheck #20
D:/Dropbox (Personal)/Morris/folksong/OMR/pentonville.ly:185:14: warning: Barcheck failed got 19 expect 20
    d2 r2  | 
             \barNumberCheck #20
D:/Dropbox (Personal)/Morris/folksong/OMR/pentonville.ly:228:20: warning: Barcheck failed got 19 expect 20
    g4 g4 g4 d4  | 
                   \barNumberCheck #20
[24]
Preprocessing graphical objects...
Finding the ideal number of pages...
Fitting music on 1 or 2 pages...
Drawing systems...
Layout output to `/Dropbox (Personal)/Morris/folksong/OMR/pentonville.ps'...
Converting to `/Dropbox (Personal)/Morris/folksong/OMR/pentonville.pdf'...
Success: compilation successfully completed
