# -*-compilation-*-
Processing `D:/Dropbox (Personal)/Sydney Village Carols/Songbook Files/Songbook - Working/SongFiles/prodigal_son.ly'
Parsing...
D:/Dropbox (Personal)/Sydney Village Carols/Songbook Files/Songbook - Working/SongFiles/prodigal_son.ly:1: warning: no \version statement found, please add

\version "2.18.2"

for future compatibility
Interpreting music...[8][16][24][32][40][48]
D:/Dropbox (Personal)/Sydney Village Carols/Songbook Files/Songbook - Working/SongFiles/prodigal_son.ly:219:31: warning: Barcheck failed got 52 expect 50
		d4. d8 d4 c | 
                              \barNumberCheck #50
[56]
D:/Dropbox (Personal)/Sydney Village Carols/Songbook Files/Songbook - Working/SongFiles/prodigal_son.ly:89:24: warning: Barcheck failed got 62 expect 60
        g4 a4 b4 c4  | 
                       \barNumberCheck #60
D:/Dropbox (Personal)/Sydney Village Carols/Songbook Files/Songbook - Working/SongFiles/prodigal_son.ly:158:26: warning: Barcheck failed got 62 expect 60
        g4 fis4 g4 e4  | 
                         \barNumberCheck #60
D:/Dropbox (Personal)/Sydney Village Carols/Songbook Files/Songbook - Working/SongFiles/prodigal_son.ly:229:26: warning: Barcheck failed got 62 expect 60
        g4 fis4 g4 e4  | 
                         \barNumberCheck #60
[64]
Preprocessing graphical objects...
Interpreting music...
D:/Dropbox (Personal)/Sydney Village Carols/Songbook Files/Songbook - Working/SongFiles/prodigal_son.ly:219:31: warning: Barcheck failed got 52 expect 50
		d4. d8 d4 c | 
                              \barNumberCheck #50
D:/Dropbox (Personal)/Sydney Village Carols/Songbook Files/Songbook - Working/SongFiles/prodigal_son.ly:89:24: warning: Barcheck failed got 62 expect 60
        g4 a4 b4 c4  | 
                       \barNumberCheck #60
D:/Dropbox (Personal)/Sydney Village Carols/Songbook Files/Songbook - Working/SongFiles/prodigal_son.ly:158:26: warning: Barcheck failed got 62 expect 60
        g4 fis4 g4 e4  | 
                         \barNumberCheck #60
D:/Dropbox (Personal)/Sydney Village Carols/Songbook Files/Songbook - Working/SongFiles/prodigal_son.ly:229:26: warning: Barcheck failed got 62 expect 60
        g4 fis4 g4 e4  | 
                         \barNumberCheck #60
MIDI output to `/Dropbox (Personal)/Sydney Village Carols/Songbook Files/Songbook - Working/SongFiles/prodigal_son.mid'...
Finding the ideal number of pages...
Fitting music on 1 or 2 pages...
Drawing systems...
Layout output to `/Dropbox (Personal)/Sydney Village Carols/Songbook Files/Songbook - Working/SongFiles/prodigal_son.ps'...
Converting to `/Dropbox (Personal)/Sydney Village Carols/Songbook Files/Songbook - Working/SongFiles/prodigal_son.pdf'...
Success: compilation successfully completed
