# -*-compilation-*-
Processing `C:/Users/macdo/Dropbox/Sydney Village Carols/sydney-village-carols/Songbook - Working/SongFiles/Tinwood.ly'
Parsing...
C:/Users/macdo/Dropbox/Sydney Village Carols/sydney-village-carols/Songbook - Working/SongFiles/Tinwood.ly:1: warning: no \version statement found, please add

\version "2.22.2"

for future compatibility
Interpreting music...[8]
C:/Users/macdo/Dropbox/Sydney Village Carols/sydney-village-carols/Songbook - Working/SongFiles/Tinwood.ly:38:24: warning: Bar number is 9; expected 10
    g2 \fermata bes2 | 
                       \barNumberCheck #10
C:/Users/macdo/Dropbox/Sydney Village Carols/sydney-village-carols/Songbook - Working/SongFiles/Tinwood.ly:73:24: warning: Bar number is 9; expected 10
    bes2 \fermata d2 | 
                       \barNumberCheck #10
C:/Users/macdo/Dropbox/Sydney Village Carols/sydney-village-carols/Songbook - Working/SongFiles/Tinwood.ly:135:22: warning: Bar number is 9; expected 10
    g2 \fermata f2 | 
                     \barNumberCheck #10
C:/Users/macdo/Dropbox/Sydney Village Carols/sydney-village-carols/Songbook - Working/SongFiles/Tinwood.ly:169:25: warning: Bar number is 9; expected 10
    g,2 \fermata bes2 | 
                        \barNumberCheck #10
[16]
C:/Users/macdo/Dropbox/Sydney Village Carols/sydney-village-carols/Songbook - Working/SongFiles/Tinwood.ly:49:34: warning: Bar number is 19; expected 20
    bes4 bes4 a8 ( [ g8 ) ] a4 | 
                                 \barNumberCheck #20
C:/Users/macdo/Dropbox/Sydney Village Carols/sydney-village-carols/Songbook - Working/SongFiles/Tinwood.ly:84:19: warning: Bar number is 19; expected 20
    d4 d4 c4 c4 | 
                  \barNumberCheck #20
C:/Users/macdo/Dropbox/Sydney Village Carols/sydney-village-carols/Songbook - Working/SongFiles/Tinwood.ly:146:19: warning: Bar number is 19; expected 20
    f4 f4 f4 f4 | 
                  \barNumberCheck #20
C:/Users/macdo/Dropbox/Sydney Village Carols/sydney-village-carols/Songbook - Working/SongFiles/Tinwood.ly:179:20: warning: Bar number is 19; expected 20
    f4 f4 f,4 f4 | 
                   \barNumberCheck #20
Preprocessing graphical objects...
Finding the ideal number of pages...
Fitting music on 1 page...
Drawing systems...
Converting to `/Users/macdo/Dropbox/Sydney Village Carols/sydney-village-carols/Songbook - Working/SongFiles/Tinwood.pdf'...
Success: compilation successfully completed
