# -*-compilation-*-
Processing `D:/Dropbox (Personal)/Morris/folksong/OMR/a song for a time.ly'
Parsing...
Interpreting music...[8][16][16]
Preprocessing graphical objects...
D:/Dropbox (Personal)/Morris/folksong/OMR/a song for a time.ly:51:8: warning: ignoring too many clashing note columns
    d2 
       d2 | % 12
D:/Dropbox (Personal)/Morris/folksong/OMR/a song for a time.ly:41:68: warning: ignoring too many clashing note columns
    \clef "treble" \key g \major \numericTimeSignature\time 4/4 d2 
                                                                   g2 | % 2
D:/Dropbox (Personal)/Morris/folksong/OMR/a song for a time.ly:43:5: warning: ignoring too many clashing note columns
    
    e4 e4 g4 ( d4 ) | % 4
D:/Dropbox (Personal)/Morris/folksong/OMR/a song for a time.ly:43:8: warning: ignoring too many clashing note columns
    e4 
       e4 g4 ( d4 ) | % 4
D:/Dropbox (Personal)/Morris/folksong/OMR/a song for a time.ly:43:11: warning: ignoring too many clashing note columns
    e4 e4 
          g4 ( d4 ) | % 4
D:/Dropbox (Personal)/Morris/folksong/OMR/a song for a time.ly:44:5: warning: ignoring too many clashing note columns
    
    e4 ( fis4 ) g2 | % 5
D:/Dropbox (Personal)/Morris/folksong/OMR/a song for a time.ly:44:17: warning: ignoring too many clashing note columns
    e4 ( fis4 ) 
                g2 | % 5
D:/Dropbox (Personal)/Morris/folksong/OMR/a song for a time.ly:46:8: warning: ignoring too many clashing note columns
    d2 
       e4 ( fis4 ) | % 7
D:/Dropbox (Personal)/Morris/folksong/OMR/a song for a time.ly:47:5: warning: ignoring too many clashing note columns
    
    g2 fis2 | % 8
D:/Dropbox (Personal)/Morris/folksong/OMR/a song for a time.ly:49:5: warning: ignoring too many clashing note columns
    
    g2 e2 | \barNumberCheck #10
D:/Dropbox (Personal)/Morris/folksong/OMR/a song for a time.ly:49:8: warning: ignoring too many clashing note columns
    g2 
       e2 | \barNumberCheck #10
D:/Dropbox (Personal)/Morris/folksong/OMR/a song for a time.ly:52:5: warning: ignoring too many clashing note columns
    
    g2. e4 | % 13
D:/Dropbox (Personal)/Morris/folksong/OMR/a song for a time.ly:52:9: warning: ignoring too many clashing note columns
    g2. 
        e4 | % 13
D:/Dropbox (Personal)/Morris/folksong/OMR/a song for a time.ly:53:5: warning: ignoring too many clashing note columns
    
    g2 e2 | % 14
Finding the ideal number of pages...
Fitting music on 1 page...
Drawing systems...
Layout output to `/Dropbox (Personal)/Morris/folksong/OMR/a song for a time.ps'...
Converting to `/Dropbox (Personal)/Morris/folksong/OMR/a song for a time.pdf'...
Success: compilation successfully completed
