# -*-compilation-*-
Processing `D:/Dropbox (Personal)/Morris/folksong/OMR/merry_christmas.ly'
Parsing...
Interpreting music...
D:/Dropbox (Personal)/Morris/folksong/OMR/merry_christmas.ly:46:57: warning: barcheck failed at: 1/4
    \key c \major \numericTimeSignature\time 4/4 b4 s2. 
                                                        | % 2
D:/Dropbox (Personal)/Morris/folksong/OMR/merry_christmas.ly:47:19: warning: barcheck failed at: 1/2
    e,,4 e4 g4 s4 
                  | % 3
D:/Dropbox (Personal)/Morris/folksong/OMR/merry_christmas.ly:49:17: warning: barcheck failed at: 1/4
    a4 a4 a4 s4 
                | % 5
D:/Dropbox (Personal)/Morris/folksong/OMR/merry_christmas.ly:50:15: warning: barcheck failed at: 1/2
    e2 b'4 s4 
              | % 6
[8]
D:/Dropbox (Personal)/Morris/folksong/OMR/merry_christmas.ly:53:15: warning: barcheck failed at: 1/4
    s4 \break 
              | % 8
warning: forced break was overridden by some other event, should you be using bar checks?
D:/Dropbox (Personal)/Morris/folksong/OMR/merry_christmas.ly:54:49: warning: barcheck failed at: 1/2
    \clef "treble" \key g \major e,4 d4 cis4 s4 
                                                | % 9
D:/Dropbox (Personal)/Morris/folksong/OMR/merry_christmas.ly:55:16: warning: Barcheck failed got 13 expect 10
    d2 c4 s4 | 
               \barNumberCheck #10
D:/Dropbox (Personal)/Morris/folksong/OMR/merry_christmas.ly:56:17: warning: barcheck failed at: 1/4
    d4 d4 d4 s4 
                | % 11
D:/Dropbox (Personal)/Morris/folksong/OMR/merry_christmas.ly:57:21: warning: barcheck failed at: 1/2
    d2 d8 [ d8 ] s4 
                    | % 12
[16]
D:/Dropbox (Personal)/Morris/folksong/OMR/merry_christmas.ly:60:27: warning: barcheck failed at: 1/4
    d4 d8 [ e8 d8 c8 ] s4 
                          | % 14
D:/Dropbox (Personal)/Morris/folksong/OMR/merry_christmas.ly:61:24: warning: barcheck failed at: 1/2
    b4 b4 d8 [ d8 ] s4 
                       | % 15
D:/Dropbox (Personal)/Morris/folksong/OMR/merry_christmas.ly:64:8: warning: barcheck failed at: 1/4
    s2 
       | % 17
D:/Dropbox (Personal)/Morris/folksong/OMR/merry_christmas.ly:66:8: warning: barcheck failed at: 1/2
    s2 
       | % 18
[24][24]
Preprocessing graphical objects...
Finding the ideal number of pages...
Fitting music on 3 or 4 pages...
Drawing systems...
Layout output to `/Dropbox (Personal)/Morris/folksong/OMR/merry_christmas.ps'...
Converting to `/Dropbox (Personal)/Morris/folksong/OMR/merry_christmas.pdf'...
Success: compilation successfully completed
