# -*-compilation-*-
Processing `D:/Dropbox (Personal)/Morris/folksong/OMR/old_foster.ly'
Parsing...
D:/Dropbox (Personal)/Morris/folksong/OMR/old_foster.ly:1: warning: no \version statement found, please add

\version "2.18.2"

for future compatibility
Interpreting music...
D:/Dropbox (Personal)/Morris/folksong/OMR/old_foster.ly:27:16: warning: Barcheck failed got 4 expect 30
    a2 gis2  | 
               \barNumberCheck #30
D:/Dropbox (Personal)/Morris/folksong/OMR/old_foster.ly:62:21: warning: Barcheck failed got 4 expect 30
    e2 e4 ( d4 )  | 
                    \barNumberCheck #30
D:/Dropbox (Personal)/Morris/folksong/OMR/old_foster.ly:131:16: warning: Barcheck failed got 4 expect 30
    cis2 b2  | 
               \barNumberCheck #30
D:/Dropbox (Personal)/Morris/folksong/OMR/old_foster.ly:162:15: warning: Barcheck failed got 4 expect 30
    e2 e,2  | 
              \barNumberCheck #30
[8]
D:/Dropbox (Personal)/Morris/folksong/OMR/old_foster.ly:37:26: warning: Barcheck failed got 14 expect 40
    gis4. ( a8 b4 ) a4 | 
                         \barNumberCheck #40
D:/Dropbox (Personal)/Morris/folksong/OMR/old_foster.ly:72:28: warning: Barcheck failed got 14 expect 40
    b4. ( cis8 d4 ) cis4 | 
                           \barNumberCheck #40
D:/Dropbox (Personal)/Morris/folksong/OMR/old_foster.ly:139:12: warning: Barcheck failed got 14 expect 40
    e1 ~ | 
           \barNumberCheck #40
D:/Dropbox (Personal)/Morris/folksong/OMR/old_foster.ly:170:13: warning: Barcheck failed got 14 expect 40
    e'1 ~ | 
            \barNumberCheck #40
[16][24][24]
Preprocessing graphical objects...
Finding the ideal number of pages...
Fitting music on 1 page...
Drawing systems...
Layout output to `/Dropbox (Personal)/Morris/folksong/OMR/old_foster.ps'...
Converting to `/Dropbox (Personal)/Morris/folksong/OMR/old_foster.pdf'...
Success: compilation successfully completed
