# -*-compilation-*-
Processing `D:/Dropbox (Personal)/Morris/folksong/OMR/sweet_chiming_bells.ly'
Parsing...
D:/Dropbox (Personal)/Morris/folksong/OMR/sweet_chiming_bells.ly:1: warning: no \version statement found, please add

\version "2.18.2"

for future compatibility
Interpreting music...[8]
D:/Dropbox (Personal)/Morris/folksong/OMR/sweet_chiming_bells.ly:37:15: warning: Barcheck failed got 9 expect 10
    f2. c'4 | 
              \barNumberCheck #10
D:/Dropbox (Personal)/Morris/folksong/OMR/sweet_chiming_bells.ly:108:14: warning: Barcheck failed got 9 expect 10
    c2. c4 | 
             \barNumberCheck #10
D:/Dropbox (Personal)/Morris/folksong/OMR/sweet_chiming_bells.ly:146:14: warning: Barcheck failed got 9 expect 10
    a2. r4 | 
             \barNumberCheck #10
D:/Dropbox (Personal)/Morris/folksong/OMR/sweet_chiming_bells.ly:182:14: warning: Barcheck failed got 9 expect 10
    f2. r4 | 
             \barNumberCheck #10
[16]
D:/Dropbox (Personal)/Morris/folksong/OMR/sweet_chiming_bells.ly:47:32: warning: Barcheck failed got 19 expect 20
    f2. f8. \fermata [ g16 ] | 
                               \barNumberCheck #20
D:/Dropbox (Personal)/Morris/folksong/OMR/sweet_chiming_bells.ly:118:27: warning: Barcheck failed got 19 expect 20
    f2. f8. ( [ g16 ) ] | 
                          \barNumberCheck #20
D:/Dropbox (Personal)/Morris/folksong/OMR/sweet_chiming_bells.ly:156:14: warning: Barcheck failed got 19 expect 20
    a2. f4 | 
             \barNumberCheck #20
D:/Dropbox (Personal)/Morris/folksong/OMR/sweet_chiming_bells.ly:192:16: warning: Barcheck failed got 19 expect 20
    f,2. f'4 | 
               \barNumberCheck #20
[24][24]
Preprocessing graphical objects...
Finding the ideal number of pages...
Fitting music on 1 or 2 pages...
Drawing systems...
Layout output to `/Dropbox (Personal)/Morris/folksong/OMR/sweet_chiming_bells.ps'...
Converting to `/Dropbox (Personal)/Morris/folksong/OMR/sweet_chiming_bells.pdf'...
Success: compilation successfully completed
